MPASM 5.75                     SECUENCIA.ASM   3-13-2019  14:57:21         PAGE  1


LOC  OBJECT CODE     LINE SOURCE TEXT
  VALUE

                      00001 
                      00002     list                p=16f887        ; list directive to define processor
                      00003         #include        <p16f887.inc>   ; processor specific variable definitions
                      00001         LIST
                      00002 
                      00003 ;==========================================================================
                      00004 ; Build date : Jul 02 2017
                      00005 ;  MPASM PIC16F887 processor include
                      00006 ; 
                      00007 ;  (c) Copyright 1999-2017 Microchip Technology, All rights reserved
                      00008 ;==========================================================================
                      00009 
                      00810         LIST
                      00004 
2007   28E4           00005         __CONFIG    _CONFIG1, _LVP_OFF & _FCMEN_ON & _IESO_OFF & _BOR_OFF & _CPD_OFF & _CP_OFF & _MCLRE_
                            ON & _PWRTE_ON & _WDT_OFF & _INTRC_OSC_NOCLKOUT
2008   3EFF           00006         __CONFIG    _CONFIG2, _WRT_OFF & _BOR21V
                      00007 
                      00008 ;********************** VARIABLE DEFINITIONS *************************** 
                      00009         CBLOCK 0x20
  00000020            00010         SECUENCIA
                      00011         ENDC
                      00012 
                      00013 ;***********************************************************************
                      00014 
                      00015         ORG     0x000             ; processor reset vector
0000   0000           00016         NOP
0001   2???           00017         GOTO    CONFIG_PTOS             ; go to beginning of program
                      00018 
                      00019 ;ZONA DE CODIGOS********************************************************
                      00020     
                      00021     
                      00022     
                      00023         
0002                  00024 CONFIG_PTOS
                      00025         
0002   1683           00026         BSF             STATUS,RP0          ;Cambio al banco 1
0003   3000           00027         MOVLW           .0
Message[302]: Register in operand not in bank 0.  Ensure that bank bits are correct.
0004   0086           00028         MOVWF           TRISB
0005   307F           00029         MOVLW           0X7F
Message[302]: Register in operand not in bank 0.  Ensure that bank bits are correct.
0006   0087           00030         MOVWF           TRISC
                      00031         
0007   1703           00032         BSF             STATUS,RP1          ;Cambio al banco 2
Message[302]: Register in operand not in bank 0.  Ensure that bank bits are correct.
0008   0189           00033         CLRF            ANSELH              ;config puerto b digital
0009   1283           00034         BCF             STATUS,RP0          ;Cambio al banco 0
000A   1303           00035         BCF             STATUS,RP1
000B   0185           00036         CLRF            PORTA               ;Limpio puertos
000C   0186           00037         CLRF            PORTB
000D   0187           00038         CLRF            PORTC
000E   1787           00039         BSF             PORTC,7
MPASM 5.75                     SECUENCIA.ASM   3-13-2019  14:57:21         PAGE  2


LOC  OBJECT CODE     LINE SOURCE TEXT
  VALUE

                      00040         
                      00041 
Warning[207]: Found label after column 1. (INICIO)
000F                  00042         INICIO
                      00043         
000F   1403           00044         BSF             STATUS,C            ;Se pone en 1 el Carry
                      00045 
0010                  00046 RUT_1
0010   0C06           00047         RRF             PORTB,W             ;Se recorre a la derecha
0011   0086           00048         MOVWF           PORTB               ;Se carga alpuerto b
0012   2???           00049         CALL            Retardo_200ms
0013   1C06           00050         BTFSS           PORTB,0             ;Pregunta si en el indice 0 esta en 1
0014   2???           00051         GOTO            RUT_1
0015   2???           00052         GOTO            RUT_2
                      00053         
0016                  00054 RUT_2
0016   0D06           00055         RLF             PORTB,W
0017   0086           00056         MOVWF           PORTB
                      00057         
0018   2???           00058         CALL            Retardo_200ms
0019   1F86           00059         BTFSS           PORTB,7
001A   2???           00060         GOTO            RUT_2
001B   2???           00061         GOTO            RUT_1
                      00062         
                      00063         INCLUDE<RETARDOS.INC>
                      00001 ;**************************** Librería "RETARDOS.INC" *********************************
                      00002 ;
                      00003 ;       ===================================================================
                      00004 ;         Del libro "MICROCONTROLADOR PIC16F84. DESARROLLO DE PROYECTOS"
                      00005 ;         E. Palacios, F. Remiro y L. López.
                      00006 ;         Editorial Ra-Ma.  www.ra-ma.es
                      00007 ;       ===================================================================
                      00008 ;
                      00009 ; Librería con múltiples subrutinas de retardos, desde 4 microsegundos hasta 20 segundos. 
                      00010 ; Además se pueden implementar otras subrutinas muy fácilmente.
                      00011 ;
                      00012 ; Se han calculado para un sistema microcontrolador con un PIC trabajando con un cristal
                      00013 ; de cuarzo a 4 MHz. Como cada ciclo máquina son 4 ciclos de reloj, resulta que cada
                      00014 ; ciclo máquina tarda 4 x 1/4MHz = 1 µs.
                      00015 ;
                      00016 ; En los comentarios, "cm" significa "ciclos máquina".
                      00017 ;
                      00018 ; ZONA DE DATOS *********************************************************************
                      00019 
                      00020         CBLOCK
  00000021            00021         R_ContA                         ; Contadores para los retardos.
  00000022            00022         R_ContB
  00000023            00023         R_ContC
                      00024         ENDC
                      00025 ;
                      00026 ; RETARDOS de 4 hasta 10 microsegundos ---------------------------------------------------
                      00027 ;
                      00028 ; A continuación retardos pequeños teniendo en cuenta que para una frecuencia de 4 MHZ,
MPASM 5.75                     SECUENCIA.ASM   3-13-2019  14:57:21         PAGE  3


LOC  OBJECT CODE     LINE SOURCE TEXT
  VALUE

                      00029 ; la llamada a subrutina "call" tarda 2 ciclos máquina, el retorno de subrutina
                      00030 ; "return" toma otros 2 ciclos máquina y cada instrucción "nop" tarda 1 ciclo máquina.
                      00031 ;
001C                  00032 Retardo_10micros                                ; La llamada "call" aporta 2 ciclos máquina.
001C   0000           00033         nop                             ; Aporta 1 ciclo máquina.
001D   0000           00034         nop                             ; Aporta 1 ciclo máquina.
001E   0000           00035         nop                             ; Aporta 1 ciclo máquina.
001F   0000           00036         nop                             ; Aporta 1 ciclo máquina.
0020   0000           00037         nop                             ; Aporta 1 ciclo máquina.
0021                  00038 Retardo_5micros                         ; La llamada "call" aporta 2 ciclos máquina.
0021   0000           00039         nop                             ; Aporta 1 ciclo máquina.
0022                  00040 Retardo_4micros                         ; La llamada "call" aporta 2 ciclos máquina.
0022   0008           00041         return                          ; El salto del retorno aporta 2 ciclos máquina.
                      00042 ;
                      00043 ; RETARDOS de 20 hasta 500 microsegundos ------------------------------------------------
                      00044 ;
0023                  00045 Retardo_500micros                               ; La llamada "call" aporta 2 ciclos máquina.
0023   0000           00046         nop                             ; Aporta 1 ciclo máquina.
0024   30A4           00047         movlw   d'164'                  ; Aporta 1 ciclo máquina. Este es el valor de "K".
0025   2???           00048         goto    RetardoMicros           ; Aporta 2 ciclos máquina.
0026                  00049 Retardo_200micros                               ; La llamada "call" aporta 2 ciclos máquina.
0026   0000           00050         nop                             ; Aporta 1 ciclo máquina.
0027   3040           00051         movlw   d'64'                   ; Aporta 1 ciclo máquina. Este es el valor de "K".
0028   2???           00052         goto    RetardoMicros           ; Aporta 2 ciclos máquina.
0029                  00053 Retardo_100micros                               ; La llamada "call" aporta 2 ciclos máquina.
0029   301F           00054         movlw   d'31'                   ; Aporta 1 ciclo máquina. Este es el valor de "K".
002A   2???           00055         goto    RetardoMicros           ; Aporta 2 ciclos máquina.
002B                  00056 Retardo_50micros                                ; La llamada "call" aporta 2 ciclos máquina.
002B   0000           00057         nop                             ; Aporta 1 ciclo máquina.
002C   300E           00058         movlw   d'14'                   ; Aporta 1 ciclo máquina. Este es el valor de "K".
002D   2???           00059         goto    RetardoMicros           ; Aporta 2 ciclos máquina.
002E                  00060 Retardo_20micros                                ; La llamada "call" aporta 2 ciclos máquina.
002E   3005           00061         movlw   d'5'                    ; Aporta 1 ciclo máquina. Este es el valor de "K".
                      00062 ;
                      00063 ; El próximo bloque "RetardoMicros" tarda:
                      00064 ; 1 + (K-1) + 2 + (K-1)x2 + 2 = (2 + 3K) ciclos máquina.
                      00065 ;
002F                  00066 RetardoMicros
002F   00A1           00067         movwf   R_ContA                 ; Aporta 1 ciclo máquina.
0030                  00068 Rmicros_Bucle
0030   0BA1           00069         decfsz  R_ContA,F               ; (K-1)x1 cm (cuando no salta) + 2 cm (al saltar).
0031   2???           00070         goto    Rmicros_Bucle           ; Aporta (K-1)x2 ciclos máquina.
0032   0008           00071         return                          ; El salto del retorno aporta 2 ciclos máquina.
                      00072 ;
                      00073 ;En total estas subrutinas tardan:
                      00074 ; - Retardo_500micros:  2 + 1 + 1 + 2 + (2 + 3K) = 500 cm = 500 µs. (para K=164 y 4 MHz).
                      00075 ; - Retardo_200micros:  2 + 1 + 1 + 2 + (2 + 3K) = 200 cm = 200 µs. (para K= 64 y 4 MHz).
                      00076 ; - Retardo_100micros:  2     + 1 + 2 + (2 + 3K) = 100 cm = 100 µs. (para K= 31 y 4 MHz).
                      00077 ; - Retardo_50micros :  2 + 1 + 1 + 2 + (2 + 3K) =  50 cm =  50 µs. (para K= 14 y 4 MHz).
                      00078 ; - Retardo_20micros :  2     + 1     + (2 + 3K) =  20 cm =  20 µs. (para K=  5 y 4 MHz).
                      00079 ;
                      00080 ; RETARDOS de 1 ms hasta 200 ms. --------------------------------------------------------
                      00081 ;
MPASM 5.75                     SECUENCIA.ASM   3-13-2019  14:57:21         PAGE  4


LOC  OBJECT CODE     LINE SOURCE TEXT
  VALUE

0033                  00082 Retardo_200ms                           ; La llamada "call" aporta 2 ciclos máquina.
0033   30C8           00083         movlw   d'200'                  ; Aporta 1 ciclo máquina. Este es el valor de "M".
0034   2???           00084         goto    Retardos_ms             ; Aporta 2 ciclos máquina.
0035                  00085 Retardo_100ms                           ; La llamada "call" aporta 2 ciclos máquina.
0035   3064           00086         movlw   d'100'                  ; Aporta 1 ciclo máquina. Este es el valor de "M".
0036   2???           00087         goto    Retardos_ms             ; Aporta 2 ciclos máquina.
0037                  00088 Retardo_50ms                            ; La llamada "call" aporta 2 ciclos máquina.
0037   3032           00089         movlw   d'50'                   ; Aporta 1 ciclo máquina. Este es el valor de "M".
0038   2???           00090         goto    Retardos_ms             ; Aporta 2 ciclos máquina.
0039                  00091 Retardo_20ms                            ; La llamada "call" aporta 2 ciclos máquina.
0039   3014           00092         movlw   d'20'                   ; Aporta 1 ciclo máquina. Este es el valor de "M".
003A   2???           00093         goto    Retardos_ms             ; Aporta 2 ciclos máquina.
003B                  00094 Retardo_10ms                            ; La llamada "call" aporta 2 ciclos máquina.
003B   300A           00095         movlw   d'10'                   ; Aporta 1 ciclo máquina. Este es el valor de "M".
003C   2???           00096         goto    Retardos_ms             ; Aporta 2 ciclos máquina.
003D                  00097 Retardo_5ms                             ; La llamada "call" aporta 2 ciclos máquina.
003D   3005           00098         movlw   d'5'                    ; Aporta 1 ciclo máquina. Este es el valor de "M".
003E   2???           00099         goto    Retardos_ms             ; Aporta 2 ciclos máquina.
003F                  00100 Retardo_2ms                             ; La llamada "call" aporta 2 ciclos máquina.
003F   3002           00101         movlw   d'2'                    ; Aporta 1 ciclo máquina. Este es el valor de "M".
0040   2???           00102         goto    Retardos_ms             ; Aporta 2 ciclos máquina.
0041                  00103 Retardo_1ms                             ; La llamada "call" aporta 2 ciclos máquina.
0041   3001           00104         movlw   d'1'                    ; Aporta 1 ciclo máquina. Este es el valor de "M".
                      00105 ;
                      00106 ; El próximo bloque "Retardos_ms" tarda:
                      00107 ; 1 + M + M + KxM + (K-1)xM + Mx2 + (K-1)Mx2 + (M-1) + 2 + (M-1)x2 + 2 =
                      00108 ; = (2 + 4M + 4KM) ciclos máquina. Para K=249 y M=1 supone 1002 ciclos máquina
                      00109 ; que a 4 MHz son 1002 µs = 1 ms.
                      00110 ;
0042                  00111 Retardos_ms
0042   00A2           00112         movwf   R_ContB                 ; Aporta 1 ciclo máquina.
0043                  00113 R1ms_BucleExterno
0043   30F9           00114         movlw   d'249'                  ; Aporta Mx1 ciclos máquina. Este es el valor de "K".
0044   00A1           00115         movwf   R_ContA                 ; Aporta Mx1 ciclos máquina.
0045                  00116 R1ms_BucleInterno
0045   0000           00117         nop                             ; Aporta KxMx1 ciclos máquina.
0046   0BA1           00118         decfsz  R_ContA,F               ; (K-1)xMx1 cm (cuando no salta) + Mx2 cm (al saltar).
0047   2???           00119         goto    R1ms_BucleInterno               ; Aporta (K-1)xMx2 ciclos máquina.
0048   0BA2           00120         decfsz  R_ContB,F               ; (M-1)x1 cm (cuando no salta) + 2 cm (al saltar).
0049   2???           00121         goto    R1ms_BucleExterno       ; Aporta (M-1)x2 ciclos máquina.
004A   0008           00122         return                          ; El salto del retorno aporta 2 ciclos máquina.
                      00123 ;
                      00124 ;En total estas subrutinas tardan:
                      00125 ; - Retardo_200ms:      2 + 1 + 2 + (2 + 4M + 4KM) = 200007 cm = 200 ms. (M=200 y K=249).
                      00126 ; - Retardo_100ms:      2 + 1 + 2 + (2 + 4M + 4KM) = 100007 cm = 100 ms. (M=100 y K=249).
                      00127 ; - Retardo_50ms :      2 + 1 + 2 + (2 + 4M + 4KM) =  50007 cm =  50 ms. (M= 50 y K=249).
                      00128 ; - Retardo_20ms :      2 + 1 + 2 + (2 + 4M + 4KM) =  20007 cm =  20 ms. (M= 20 y K=249).
                      00129 ; - Retardo_10ms :      2 + 1 + 2 + (2 + 4M + 4KM) =  10007 cm =  10 ms. (M= 10 y K=249).
                      00130 ; - Retardo_5ms  :      2 + 1 + 2 + (2 + 4M + 4KM) =   5007 cm =   5 ms. (M=  5 y K=249).
                      00131 ; - Retardo_2ms  :      2 + 1 + 2 + (2 + 4M + 4KM) =   2007 cm =   2 ms. (M=  2 y K=249).
                      00132 ; - Retardo_1ms  :      2 + 1     + (2 + 4M + 4KM) =   1005 cm =   1 ms. (M=  1 y K=249).
                      00133 ;
                      00134 ; RETARDOS de 0.5 hasta 20 segundos ---------------------------------------------------
MPASM 5.75                     SECUENCIA.ASM   3-13-2019  14:57:21         PAGE  5


LOC  OBJECT CODE     LINE SOURCE TEXT
  VALUE

                      00135 ;
004B                  00136 Retardo_20s                             ; La llamada "call" aporta 2 ciclos máquina.
004B   30C8           00137         movlw   d'200'                  ; Aporta 1 ciclo máquina. Este es el valor de "N".
004C   2???           00138         goto    Retardo_1Decima         ; Aporta 2 ciclos máquina.
004D                  00139 Retardo_10s                             ; La llamada "call" aporta 2 ciclos máquina.
004D   3064           00140         movlw   d'100'                  ; Aporta 1 ciclo máquina. Este es el valor de "N".
004E   2???           00141         goto    Retardo_1Decima         ; Aporta 2 ciclos máquina.
004F                  00142 Retardo_5s                              ; La llamada "call" aporta 2 ciclos máquina.
004F   3032           00143         movlw   d'50'                   ; Aporta 1 ciclo máquina. Este es el valor de "N".
0050   2???           00144         goto    Retardo_1Decima         ; Aporta 2 ciclos máquina.
0051                  00145 Retardo_2s                              ; La llamada "call" aporta 2 ciclos máquina.
0051   3014           00146         movlw   d'20'                   ; Aporta 1 ciclo máquina. Este es el valor de "N".
0052   2???           00147         goto    Retardo_1Decima         ; Aporta 2 ciclos máquina.
0053                  00148 Retardo_1s                              ; La llamada "call" aporta 2 ciclos máquina.
0053   300A           00149         movlw   d'10'                   ; Aporta 1 ciclo máquina. Este es el valor de "N".
0054   2???           00150         goto    Retardo_1Decima         ; Aporta 2 ciclos máquina.
0055                  00151 Retardo_500ms                           ; La llamada "call" aporta 2 ciclos máquina.
0055   3005           00152         movlw   d'5'                    ; Aporta 1 ciclo máquina. Este es el valor de "N".
                      00153 ;
                      00154 ; El próximo bloque "Retardo_1Decima" tarda:
                      00155 ; 1 + N + N + MxN + MxN + KxMxN + (K-1)xMxN + MxNx2 + (K-1)xMxNx2 +
                      00156 ;   + (M-1)xN + Nx2 + (M-1)xNx2 + (N-1) + 2 + (N-1)x2 + 2 =
                      00157 ; = (2 + 4M + 4MN + 4KM) ciclos máquina. Para K=249, M=100 y N=1 supone 100011
                      00158 ; ciclos máquina que a 4 MHz son 100011 µs = 100 ms = 0,1 s = 1 décima de segundo.
                      00159 ;
0056                  00160 Retardo_1Decima
0056   00A3           00161         movwf   R_ContC                 ; Aporta 1 ciclo máquina.
0057                  00162 R1Decima_BucleExterno2
0057   3064           00163         movlw   d'100'                  ; Aporta Nx1 ciclos máquina. Este es el valor de "M".
0058   00A2           00164         movwf   R_ContB                 ; Aporta Nx1 ciclos máquina.
0059                  00165 R1Decima_BucleExterno
0059   30F9           00166         movlw   d'249'                  ; Aporta MxNx1 ciclos máquina. Este es el valor de "K".
005A   00A1           00167         movwf   R_ContA                 ; Aporta MxNx1 ciclos máquina.
005B                  00168 R1Decima_BucleInterno          
005B   0000           00169         nop                             ; Aporta KxMxNx1 ciclos máquina.
005C   0BA1           00170         decfsz  R_ContA,F               ; (K-1)xMxNx1 cm (si no salta) + MxNx2 cm (al saltar).
005D   2???           00171         goto    R1Decima_BucleInterno   ; Aporta (K-1)xMxNx2 ciclos máquina.
005E   0BA2           00172         decfsz  R_ContB,F               ; (M-1)xNx1 cm (cuando no salta) + Nx2 cm (al saltar).
005F   2???           00173         goto    R1Decima_BucleExterno   ; Aporta (M-1)xNx2 ciclos máquina.
0060   0BA3           00174         decfsz  R_ContC,F               ; (N-1)x1 cm (cuando no salta) + 2 cm (al saltar).
0061   2???           00175         goto    R1Decima_BucleExterno2  ; Aporta (N-1)x2 ciclos máquina.
0062   0008           00176         return                          ; El salto del retorno aporta 2 ciclos máquina.
                      00177 ;
                      00178 ;En total estas subrutinas tardan:
                      00179 ; - Retardo_20s:        2 + 1 + 2 + (2 + 4N + 4MN + 4KMN) = 20000807 cm = 20 s.
                      00180 ;                       (N=200, M=100 y K=249).
                      00181 ; - Retardo_10s:        2 + 1 + 2 + (2 + 4N + 4MN + 4KMN) = 10000407 cm = 10 s.
                      00182 ;                       (N=100, M=100 y K=249).
                      00183 ; - Retardo_5s:         2 + 1 + 2 + (2 + 4N + 4MN + 4KMN) =  5000207 cm =  5 s.
                      00184 ;                       (N= 50, M=100 y K=249).
                      00185 ; - Retardo_2s:         2 + 1 + 2 + (2 + 4N + 4MN + 4KMN) =  2000087 cm =  2 s.
                      00186 ;                       (N= 20, M=100 y K=249).
                      00187 ; - Retardo_1s:         2 + 1 + 2 + (2 + 4N + 4MN + 4KMN) =  1000047 cm =  1 s.
MPASM 5.75                     SECUENCIA.ASM   3-13-2019  14:57:21         PAGE  6


LOC  OBJECT CODE     LINE SOURCE TEXT
  VALUE

                      00188 ;                       (N= 10, M=100 y K=249).
                      00189 ; - Retardo_500ms:      2 + 1     + (2 + 4N + 4MN + 4KMN) =   500025 cm = 0,5 s.
                      00190 ;                       (N=  5, M=100 y K=249).
                      00191 
                      00192 ;       ===================================================================
                      00193 ;         Del libro "MICROCONTROLADOR PIC16F84. DESARROLLO DE PROYECTOS"
                      00194 ;         E. Palacios, F. Remiro y L. López.
                      00195 ;         Editorial Ra-Ma.  www.ra-ma.es
                      00196 ;       ===================================================================
                      00197 
                      00198 
                      00199 
                      00200 
                      00201 
                      00202 
                      00203 
                      00204 
                      00064         
28E4 3EFF             00065         END
MPASM 5.75                     SECUENCIA.ASM   3-13-2019  14:57:21         PAGE  7


SYMBOL TABLE
  LABEL                             VALUE 

ABDEN                             00000000
ABDOVF                            00000007
ACKDT                             00000005
ACKEN                             00000004
ACKSTAT                           00000006
ADCON0                            0000001F
ADCON1                            0000009F
ADCS0                             00000006
ADCS1                             00000007
ADDEN                             00000003
ADFM                              00000007
ADIE                              00000006
ADIF                              00000006
ADON                              00000000
ADRESH                            0000001E
ADRESL                            0000009E
ANS0                              00000000
ANS1                              00000001
ANS10                             00000002
ANS11                             00000003
ANS12                             00000004
ANS13                             00000005
ANS2                              00000002
ANS3                              00000003
ANS4                              00000004
ANS5                              00000005
ANS6                              00000006
ANS7                              00000007
ANS8                              00000000
ANS9                              00000001
ANSEL                             00000188
ANSELH                            00000189
BAUDCTL                           00000187
BCLIE                             00000003
BCLIF                             00000003
BF                                00000000
BRG0                              00000000
BRG1                              00000001
BRG10                             00000002
BRG11                             00000003
BRG12                             00000004
BRG13                             00000005
BRG14                             00000006
BRG15                             00000007
BRG16                             00000003
BRG2                              00000002
BRG3                              00000003
BRG4                              00000004
BRG5                              00000005
BRG6                              00000006
BRG7                              00000007
BRG8                              00000000
BRG9                              00000001
MPASM 5.75                     SECUENCIA.ASM   3-13-2019  14:57:21         PAGE  8


SYMBOL TABLE
  LABEL                             VALUE 

BRGH                              00000002
C                                 00000000
C1CH0                             00000000
C1CH1                             00000001
C1IE                              00000005
C1IF                              00000005
C1OE                              00000005
C1ON                              00000007
C1OUT                             00000006
C1POL                             00000004
C1R                               00000002
C1RSEL                            00000005
C1SEN                             00000005
C2CH0                             00000000
C2CH1                             00000001
C2IE                              00000006
C2IF                              00000006
C2OE                              00000005
C2ON                              00000007
C2OUT                             00000006
C2POL                             00000004
C2R                               00000002
C2REN                             00000004
C2RSEL                            00000004
C2SYNC                            00000000
CCP1CON                           00000017
CCP1IE                            00000002
CCP1IF                            00000002
CCP1M0                            00000000
CCP1M1                            00000001
CCP1M2                            00000002
CCP1M3                            00000003
CCP1X                             00000005
CCP1Y                             00000004
CCP2CON                           0000001D
CCP2IE                            00000000
CCP2IF                            00000000
CCP2M0                            00000000
CCP2M1                            00000001
CCP2M2                            00000002
CCP2M3                            00000003
CCP2X                             00000005
CCP2Y                             00000004
CCPR1                             00000015
CCPR1H                            00000016
CCPR1L                            00000015
CCPR2                             0000001B
CCPR2H                            0000001C
CCPR2L                            0000001B
CHS0                              00000002
CHS1                              00000003
CHS2                              00000004
CHS3                              00000005
MPASM 5.75                     SECUENCIA.ASM   3-13-2019  14:57:21         PAGE  9


SYMBOL TABLE
  LABEL                             VALUE 

CKE                               00000006
CKP                               00000004
CM1CON0                           00000107
CM2CON0                           00000108
CM2CON1                           00000109
CONFIG_PTOS                       00000002
CREN                              00000004
CSRC                              00000007
D                                 00000005
DATA_ADDRESS                      00000005
DC                                00000001
DC1B0                             00000004
DC1B1                             00000005
DC2B0                             00000004
DC2B1                             00000005
D_A                               00000005
D_NOT_A                           00000005
ECCPAS                            0000009C
ECCPAS0                           00000004
ECCPAS1                           00000005
ECCPAS2                           00000006
ECCPASE                           00000007
EEADR                             0000010D
EEADRH                            0000010F
EECON1                            0000018C
EECON2                            0000018D
EEDAT                             0000010C
EEDATA                            0000010C
EEDATH                            0000010E
EEIE                              00000004
EEIF                              00000004
EEPGD                             00000007
F                                 00000001
FERR                              00000002
FSR                               00000004
FVREN                             00000000
GCEN                              00000007
GIE                               00000007
GO                                00000001
GO_DONE                           00000001
GO_NOT_DONE                       00000001
HTS                               00000002
I2C_DATA                          00000005
I2C_READ                          00000002
I2C_START                         00000003
I2C_STOP                          00000004
INDF                              00000000
INICIO                            0000000F
INTCON                            0000000B
INTE                              00000004
INTEDG                            00000006
INTF                              00000001
IOCB                              00000096
MPASM 5.75                     SECUENCIA.ASM   3-13-2019  14:57:21         PAGE 10


SYMBOL TABLE
  LABEL                             VALUE 

IOCB0                             00000000
IOCB1                             00000001
IOCB2                             00000002
IOCB3                             00000003
IOCB4                             00000004
IOCB5                             00000005
IOCB6                             00000006
IOCB7                             00000007
IRCF0                             00000004
IRCF1                             00000005
IRCF2                             00000006
IRP                               00000007
LTS                               00000001
MC1OUT                            00000007
MC2OUT                            00000006
MSK                               00000093
MSK0                              00000000
MSK1                              00000001
MSK2                              00000002
MSK3                              00000003
MSK4                              00000004
MSK5                              00000005
MSK6                              00000006
MSK7                              00000007
NOT_A                             00000005
NOT_ADDRESS                       00000005
NOT_BO                            00000000
NOT_BOR                           00000000
NOT_DONE                          00000001
NOT_PD                            00000003
NOT_POR                           00000001
NOT_RBPU                          00000007
NOT_RC8                           00000006
NOT_T1SYNC                        00000002
NOT_TO                            00000004
NOT_TX8                           00000006
NOT_W                             00000002
NOT_WRITE                         00000002
OERR                              00000001
OPTION_REG                        00000081
OSCCON                            0000008F
OSCTUNE                           00000090
OSFIE                             00000007
OSFIF                             00000007
OSTS                              00000003
P                                 00000004
P1M0                              00000006
P1M1                              00000007
PCL                               00000002
PCLATH                            0000000A
PCON                              0000008E
PDC0                              00000000
PDC1                              00000001
MPASM 5.75                     SECUENCIA.ASM   3-13-2019  14:57:21         PAGE 11


SYMBOL TABLE
  LABEL                             VALUE 

PDC2                              00000002
PDC3                              00000003
PDC4                              00000004
PDC5                              00000005
PDC6                              00000006
PEIE                              00000006
PEN                               00000002
PIE1                              0000008C
PIE2                              0000008D
PIR1                              0000000C
PIR2                              0000000D
PORTA                             00000005
PORTB                             00000006
PORTC                             00000007
PORTD                             00000008
PORTE                             00000009
PR2                               00000092
PRSEN                             00000007
PS0                               00000000
PS1                               00000001
PS2                               00000002
PSA                               00000003
PSSAC0                            00000002
PSSAC1                            00000003
PSSBD0                            00000000
PSSBD1                            00000001
PSTRCON                           0000009D
PULSR                             00000002
PULSS                             00000003
PWM1CON                           0000009B
R                                 00000002
R1Decima_BucleExterno             00000059
R1Decima_BucleExterno2            00000057
R1Decima_BucleInterno             0000005B
R1ms_BucleExterno                 00000043
R1ms_BucleInterno                 00000045
RA0                               00000000
RA1                               00000001
RA2                               00000002
RA3                               00000003
RA4                               00000004
RA5                               00000005
RA6                               00000006
RA7                               00000007
RB0                               00000000
RB1                               00000001
RB2                               00000002
RB3                               00000003
RB4                               00000004
RB5                               00000005
RB6                               00000006
RB7                               00000007
RBIE                              00000003
MPASM 5.75                     SECUENCIA.ASM   3-13-2019  14:57:21         PAGE 12


SYMBOL TABLE
  LABEL                             VALUE 

RBIF                              00000000
RC0                               00000000
RC1                               00000001
RC2                               00000002
RC3                               00000003
RC4                               00000004
RC5                               00000005
RC6                               00000006
RC7                               00000007
RC8_9                             00000006
RC9                               00000006
RCD8                              00000000
RCEN                              00000003
RCIDL                             00000006
RCIE                              00000005
RCIF                              00000005
RCREG                             0000001A
RCSTA                             00000018
RD                                00000000
RD0                               00000000
RD1                               00000001
RD2                               00000002
RD3                               00000003
RD4                               00000004
RD5                               00000005
RD6                               00000006
RD7                               00000007
RE0                               00000000
RE1                               00000001
RE2                               00000002
RE3                               00000003
READ_WRITE                        00000002
RP0                               00000005
RP1                               00000006
RSEN                              00000001
RUT_1                             00000010
RUT_2                             00000016
RX9                               00000006
RX9D                              00000000
R_ContA                           00000021
R_ContB                           00000022
R_ContC                           00000023
R_NOT_W                           00000002
R_W                               00000002
RetardoMicros                     0000002F
Retardo_100micros                 00000029
Retardo_100ms                     00000035
Retardo_10micros                  0000001C
Retardo_10ms                      0000003B
Retardo_10s                       0000004D
Retardo_1Decima                   00000056
Retardo_1ms                       00000041
Retardo_1s                        00000053
MPASM 5.75                     SECUENCIA.ASM   3-13-2019  14:57:21         PAGE 13


SYMBOL TABLE
  LABEL                             VALUE 

Retardo_200micros                 00000026
Retardo_200ms                     00000033
Retardo_20micros                  0000002E
Retardo_20ms                      00000039
Retardo_20s                       0000004B
Retardo_2ms                       0000003F
Retardo_2s                        00000051
Retardo_4micros                   00000022
Retardo_500micros                 00000023
Retardo_500ms                     00000055
Retardo_50micros                  0000002B
Retardo_50ms                      00000037
Retardo_5micros                   00000021
Retardo_5ms                       0000003D
Retardo_5s                        0000004F
Retardos_ms                       00000042
Rmicros_Bucle                     00000030
S                                 00000003
SBOREN                            00000004
SCKP                              00000004
SCS                               00000000
SECUENCIA                         00000020
SEN                               00000000
SENDB                             00000003
SMP                               00000007
SPBRG                             00000099
SPBRGH                            0000009A
SPEN                              00000007
SR0                               00000006
SR1                               00000007
SRCON                             00000185
SREN                              00000005
SSPADD                            00000093
SSPBUF                            00000013
SSPCON                            00000014
SSPCON2                           00000091
SSPEN                             00000005
SSPIE                             00000003
SSPIF                             00000003
SSPM0                             00000000
SSPM1                             00000001
SSPM2                             00000002
SSPM3                             00000003
SSPMSK                            00000093
SSPOV                             00000006
SSPSTAT                           00000094
STATUS                            00000003
STRA                              00000000
STRB                              00000001
STRC                              00000002
STRD                              00000003
STRSYNC                           00000004
SWDTEN                            00000000
MPASM 5.75                     SECUENCIA.ASM   3-13-2019  14:57:21         PAGE 14


SYMBOL TABLE
  LABEL                             VALUE 

SYNC                              00000004
T0CS                              00000005
T0IE                              00000005
T0IF                              00000002
T0SE                              00000004
T1CKPS0                           00000004
T1CKPS1                           00000005
T1CON                             00000010
T1GINV                            00000007
T1GIV                             00000007
T1GSS                             00000001
T1INSYNC                          00000002
T1OSCEN                           00000003
T1SYNC                            00000002
T2CKPS0                           00000000
T2CKPS1                           00000001
T2CON                             00000012
TMR0                              00000001
TMR0IE                            00000005
TMR0IF                            00000002
TMR1                              0000000E
TMR1CS                            00000001
TMR1GE                            00000006
TMR1H                             0000000F
TMR1IE                            00000000
TMR1IF                            00000000
TMR1L                             0000000E
TMR1ON                            00000000
TMR2                              00000011
TMR2IE                            00000001
TMR2IF                            00000001
TMR2ON                            00000002
TOUTPS0                           00000003
TOUTPS1                           00000004
TOUTPS2                           00000005
TOUTPS3                           00000006
TRISA                             00000085
TRISA0                            00000000
TRISA1                            00000001
TRISA2                            00000002
TRISA3                            00000003
TRISA4                            00000004
TRISA5                            00000005
TRISA6                            00000006
TRISA7                            00000007
TRISB                             00000086
TRISB0                            00000000
TRISB1                            00000001
TRISB2                            00000002
TRISB3                            00000003
TRISB4                            00000004
TRISB5                            00000005
TRISB6                            00000006
MPASM 5.75                     SECUENCIA.ASM   3-13-2019  14:57:21         PAGE 15


SYMBOL TABLE
  LABEL                             VALUE 

TRISB7                            00000007
TRISC                             00000087
TRISC0                            00000000
TRISC1                            00000001
TRISC2                            00000002
TRISC3                            00000003
TRISC4                            00000004
TRISC5                            00000005
TRISC6                            00000006
TRISC7                            00000007
TRISD                             00000088
TRISD0                            00000000
TRISD1                            00000001
TRISD2                            00000002
TRISD3                            00000003
TRISD4                            00000004
TRISD5                            00000005
TRISD6                            00000006
TRISD7                            00000007
TRISE                             00000089
TRISE0                            00000000
TRISE1                            00000001
TRISE2                            00000002
TRISE3                            00000003
TRMT                              00000001
TUN0                              00000000
TUN1                              00000001
TUN2                              00000002
TUN3                              00000003
TUN4                              00000004
TX8_9                             00000006
TX9                               00000006
TX9D                              00000000
TXD8                              00000000
TXEN                              00000005
TXIE                              00000004
TXIF                              00000004
TXREG                             00000019
TXSTA                             00000098
UA                                00000001
ULPWUE                            00000005
ULPWUIE                           00000002
ULPWUIF                           00000002
VCFG0                             00000004
VCFG1                             00000005
VR0                               00000000
VR1                               00000001
VR2                               00000002
VR3                               00000003
VRCON                             00000097
VREN                              00000007
VROE                              00000006
VRR                               00000005
MPASM 5.75                     SECUENCIA.ASM   3-13-2019  14:57:21         PAGE 16


SYMBOL TABLE
  LABEL                             VALUE 

VRSS                              00000004
W                                 00000000
WCOL                              00000007
WDTCON                            00000105
WDTPS0                            00000001
WDTPS1                            00000002
WDTPS2                            00000003
WDTPS3                            00000004
WPUB                              00000095
WPUB0                             00000000
WPUB1                             00000001
WPUB2                             00000002
WPUB3                             00000003
WPUB4                             00000004
WPUB5                             00000005
WPUB6                             00000006
WPUB7                             00000007
WR                                00000001
WREN                              00000002
WRERR                             00000003
WUE                               00000001
Z                                 00000002
_BOR21V                           00003EFF
_BOR40V                           00003FFF
_BOR4V_BOR21V                     00003EFF
_BOR4V_BOR40V                     00003FFF
_BOREN_NSLEEP                     00003EFF
_BOREN_OFF                        00003CFF
_BOREN_ON                         00003FFF
_BOREN_SBODEN                     00003DFF
_BOR_NSLEEP                       00003EFF
_BOR_OFF                          00003CFF
_BOR_ON                           00003FFF
_BOR_SBODEN                       00003DFF
_CONFIG1                          00002007
_CONFIG2                          00002008
_CPD_OFF                          00003FFF
_CPD_ON                           00003F7F
_CP_OFF                           00003FFF
_CP_ON                            00003FBF
_DEBUG_OFF                        00003FFF
_DEBUG_ON                         00001FFF
_DEVID1                           00002006
_EC_OSC                           00003FFB
_EXTRC                            00003FFF
_EXTRCIO                          00003FFE
_EXTRC_OSC_CLKOUT                 00003FFF
_EXTRC_OSC_NOCLKOUT               00003FFE
_FCMEN_OFF                        000037FF
_FCMEN_ON                         00003FFF
_FOSC_EC                          00003FFB
_FOSC_EXTRC_CLKOUT                00003FFF
_FOSC_EXTRC_NOCLKOUT              00003FFE
MPASM 5.75                     SECUENCIA.ASM   3-13-2019  14:57:21         PAGE 17


SYMBOL TABLE
  LABEL                             VALUE 

_FOSC_HS                          00003FFA
_FOSC_INTRC_CLKOUT                00003FFD
_FOSC_INTRC_NOCLKOUT              00003FFC
_FOSC_LP                          00003FF8
_FOSC_XT                          00003FF9
_HS_OSC                           00003FFA
_IDLOC0                           00002000
_IDLOC1                           00002001
_IDLOC2                           00002002
_IDLOC3                           00002003
_IESO_OFF                         00003BFF
_IESO_ON                          00003FFF
_INTOSC                           00003FFD
_INTOSCIO                         00003FFC
_INTRC_OSC_CLKOUT                 00003FFD
_INTRC_OSC_NOCLKOUT               00003FFC
_LP_OSC                           00003FF8
_LVP_OFF                          00002FFF
_LVP_ON                           00003FFF
_MCLRE_OFF                        00003FDF
_MCLRE_ON                         00003FFF
_PWRTE_OFF                        00003FFF
_PWRTE_ON                         00003FEF
_WDTE_OFF                         00003FF7
_WDTE_ON                          00003FFF
_WDT_OFF                          00003FF7
_WDT_ON                           00003FFF
_WRT_1FOURTH                      00003BFF
_WRT_256                          00003DFF
_WRT_HALF                         000039FF
_WRT_OFF                          00003FFF
_XT_OSC                           00003FF9
__16F887                          00000001

Errors   :     0
Warnings :     1 reported,     0 suppressed
Messages :     3 reported,     0 suppressed

