

                                                                      Page 1
ispLEVER Classic 2.0.00.17.20.15  -  Device Utilization Chart         Mon May 20 12:53:03 2019



--------------------------------------------------------------------------------

Module                   : 'gal1'

--------------------------------------------------------------------------------

Input files:

    ABEL PLA file        : alu.tt3
    Device library       : P22V10G.dev

Output files:

    Report file          : alu.rpt
    Programmer load file : alu.jed

--------------------------------------------------------------------------------


                                                                      Page 2
ispLEVER Classic 2.0.00.17.20.15  -  Device Utilization Chart         Mon May 20 12:53:03 2019

P22V10G Programmed Logic:
--------------------------------------------------------------------------------



L_3_     = (  A_3_ & B_3_ & !S_2_ & !S_1_ 
            #   !A_3_ & !S_2_ & S_1_ & S_0_ 
            #   !B_3_ & !S_2_ & S_1_ & S_0_ 
            #   !A_3_ & B_3_ & !S_2_ & !S_0_ 
            #   A_3_ & !B_3_ & !S_2_ & !S_0_ );

SEL2_1_     = (  S_2_ & S_1_ & S_0_ );

L_2_     = (  !S_2_ & A_2_ & B_2_ & !S_1_ 
            #   !S_2_ & !A_2_ & S_1_ & S_0_ 
            #   !S_2_ & !B_2_ & S_1_ & S_0_ 
            #   !S_2_ & !A_2_ & B_2_ & !S_0_ 
            #   !S_2_ & A_2_ & !B_2_ & !S_0_ );

L_1_     = (  !S_2_ & A_1_ & B_1_ & !S_1_ 
            #   !S_2_ & !A_1_ & S_1_ & S_0_ 
            #   !S_2_ & !B_1_ & S_1_ & S_0_ 
            #   !S_2_ & !A_1_ & B_1_ & !S_0_ 
            #   !S_2_ & A_1_ & !B_1_ & !S_0_ );

L_0_     = (  !S_2_ & A_0_ & B_0_ & !S_1_ 
            #   !S_2_ & !A_0_ & S_1_ & S_0_ 
            #   !S_2_ & !B_0_ & S_1_ & S_0_ 
            #   !S_2_ & !A_0_ & B_0_ & !S_0_ 
            #   !S_2_ & A_0_ & !B_0_ & !S_0_ );

SEL2_0_     = (  S_2_ & S_1_ & !S_0_ );



                                                                      Page 3
ispLEVER Classic 2.0.00.17.20.15  -  Device Utilization Chart         Mon May 20 12:53:03 2019

P22V10G Chip Diagram:
--------------------------------------------------------------------------------




                                   P22V10G

                         +---------\       /---------+
                         |          \     /          |
                         |           -----           |
                    A_3_ |  1                    24  | Vcc                     
                         |                           |
                    B_3_ |  2                    23  | SEL2_0_                 
                         |                           |
                    S_2_ |  3                    22  | L_1_                    
                         |                           |
                    A_2_ |  4                    21  | SEL2_1_                 
                         |                           |
                    A_1_ |  5                    20  |                         
                         |                           |
                    A_0_ |  6                    19  |                         
                         |                           |
                    B_2_ |  7                    18  |                         
                         |                           |
                    B_1_ |  8                    17  |                         
                         |                           |
                    B_0_ |  9                    16  | L_3_                    
                         |                           |
                    S_1_ | 10                    15  | L_2_                    
                         |                           |
                    S_0_ | 11                    14  | L_0_                    
                         |                           |
                     GND | 12                    13  |                         
                         |                           |
                         |                           |
                         `---------------------------'

                        SIGNATURE: N/A


                                                                      Page 4
ispLEVER Classic 2.0.00.17.20.15  -  Device Utilization Chart         Mon May 20 12:53:03 2019

P22V10G Resource Allocations:
--------------------------------------------------------------------------------



        Device        | Resource  |   Design    |
       Resources      | Available | Requirement | Unused
======================|===========|=============|==============
                      |           |             |
Input Pins:           |           |             |
                      |           |             |
          Input:      |     12    |     11      |    1 (  8 %)
                      |           |             |
Output Pins:          |           |             |
                      |           |             |
          In/Out:     |     10    |      6      |    4 ( 40 %)
          Output:     |      -    |      -      |    -
                      |           |             |
Buried Nodes:         |           |             |
                      |           |             |
          Input Reg:  |      -    |      -      |    -
          Pin Reg:    |     10    |      0      |   10 (100 %)
          Buried Reg: |      -    |      -      |    -


                                                                      Page 5
ispLEVER Classic 2.0.00.17.20.15  -  Device Utilization Chart         Mon May 20 12:53:03 2019

P22V10G Product Terms Distribution:
--------------------------------------------------------------------------------



            Signal                       |    Pin   | Terms | Terms | Terms
             Name                        | Assigned | Used  |  Max  | Unused
=========================================|==========|=======|=======|=======
L_3_                                     |   16     |   5   |  12   |   7
SEL2_1_                                  |   21     |   1   |  12   |  11
L_2_                                     |   15     |   5   |  10   |   5
L_1_                                     |   22     |   5   |  10   |   5
L_0_                                     |   14     |   5   |   8   |   3
SEL2_0_                                  |   23     |   1   |   8   |   7


     ==== List of Inputs/Feedbacks ====

Signal Name                              | Pin      | Pin Type
=========================================|==========|=========
A_3_                                     |    1     | CLK/IN
B_3_                                     |    2     | INPUT
S_2_                                     |    3     | INPUT
A_2_                                     |    4     | INPUT
A_1_                                     |    5     | INPUT
A_0_                                     |    6     | INPUT
B_2_                                     |    7     | INPUT
B_1_                                     |    8     | INPUT
B_0_                                     |    9     | INPUT
S_1_                                     |   10     | INPUT
S_0_                                     |   11     | INPUT


                                                                      Page 6
ispLEVER Classic 2.0.00.17.20.15  -  Device Utilization Chart         Mon May 20 12:53:03 2019

P22V10G Unused Resources:
--------------------------------------------------------------------------------



 Pin   |  Pin   |   Product   | Flip-flop
Number |  Type  |   Terms     |   Type
=======|========|=============|==========
   13  |  INPUT |      -      |    -   
   17  |  BIDIR | NORMAL 14   |    D
   18  |  BIDIR | NORMAL 16   |    D
   19  |  BIDIR | NORMAL 16   |    D
   20  |  BIDIR | NORMAL 14   |    D
