

                                                                      Page 1
ispLEVER Classic 2.0.00.17.20.15  -  Device Utilization Chart         Mon May 20 12:47:48 2019



--------------------------------------------------------------------------------

Module                   : 'alu_2'

--------------------------------------------------------------------------------

Input files:

    ABEL PLA file        : gal2.tt3
    Device library       : P22V10G.dev

Output files:

    Report file          : gal2.rpt
    Programmer load file : gal2.jed

--------------------------------------------------------------------------------


                                                                      Page 2
ispLEVER Classic 2.0.00.17.20.15  -  Device Utilization Chart         Mon May 20 12:47:48 2019

P22V10G Programmed Logic:
--------------------------------------------------------------------------------



L_3_     = (  A_3_ & B_3_ & S_2_ & !S_1_ & un1_a_2_3__n 
            #   !A_3_ & !B_3_ & S_2_ & !S_1_ & un1_a_2_3__n 
            #   !A_3_ & B_3_ & S_2_ & !S_1_ & !un1_a_2_3__n 
            #   A_3_ & !B_3_ & S_2_ & !S_1_ & !un1_a_2_3__n );

L_2_     = (  S_2_ & A_2_ & B_2_ & !S_1_ & S_0_ & N_19_0 
            #   S_2_ & !A_2_ & !B_2_ & !S_1_ & S_0_ & N_19_0 
            #   S_2_ & !A_2_ & B_2_ & !S_1_ & !S_0_ & N_19_0 
            #   S_2_ & A_2_ & !B_2_ & !S_1_ & !S_0_ & N_19_0 
            #   S_2_ & !A_2_ & B_2_ & !S_1_ & S_0_ & !N_19_0 
            #   S_2_ & A_2_ & !B_2_ & !S_1_ & S_0_ & !N_19_0 
            #   S_2_ & A_2_ & B_2_ & !S_1_ & !S_0_ & !N_19_0 
            #   S_2_ & !A_2_ & !B_2_ & !S_1_ & !S_0_ & !N_19_0 );

L_1_     = (  S_2_ & A_1_ & B_1_ & !S_1_ & S_0_ & N_17_0 
            #   S_2_ & !A_1_ & !B_1_ & !S_1_ & S_0_ & N_17_0 
            #   S_2_ & !A_1_ & B_1_ & !S_1_ & !S_0_ & N_17_0 
            #   S_2_ & A_1_ & !B_1_ & !S_1_ & !S_0_ & N_17_0 
            #   S_2_ & !A_1_ & B_1_ & !S_1_ & S_0_ & !N_17_0 
            #   S_2_ & A_1_ & !B_1_ & !S_1_ & S_0_ & !N_17_0 
            #   S_2_ & A_1_ & B_1_ & !S_1_ & !S_0_ & !N_17_0 
            #   S_2_ & !A_1_ & !B_1_ & !S_1_ & !S_0_ & !N_17_0 );

L_0_     = (  S_2_ & !A_0_ & B_0_ & !S_1_ 
            #   S_2_ & A_0_ & !B_0_ & !S_1_ );

N_7     = !(  !A_1_ & B_1_ & S_0_ 
           #   !A_1_ & !B_1_ & !S_0_ );

N_19_0     = !(  A_1_ & !B_1_ & S_0_ 
              #   A_1_ & B_1_ & !S_0_ 
              #   N_7 & !N_17_0 );

N_17_0     = (  !A_0_ & B_0_ 
              #   !B_0_ & !S_0_ );

un1_a_2_3__n     = (  A_2_ & B_2_ & !S_0_ 
                    #   !A_2_ & B_2_ & S_0_ & N_13_0_2 
                    #   !A_2_ & !A_0_ & B_0_ & S_0_ & N_13_0_2 
                    #   !A_0_ & B_2_ & B_0_ & S_0_ & N_13_0_2 
                    #   !A_2_ & S_0_ & !N_7 & N_13_0_2 
                    #   B_2_ & S_0_ & !N_7 & N_13_0_2 
                    #   !S_0_ & !N_13_0_2 );

N_13_0_2     = !(  A_2_ & A_1_ & !B_1_ & S_0_ 
                #   A_1_ & !B_2_ & !B_1_ & S_0_ 
                #   A_2_ & A_1_ & B_1_ & !S_0_ 
                #   A_1_ & B_2_ & B_1_ & !S_0_ 
                #   A_2_ & A_0_ & !B_0_ & S_0_ & N_7 
                #   A_0_ & !B_2_ & !B_0_ & S_0_ & N_7 
                #   A_2_ & A_0_ & B_0_ & !S_0_ & N_7 
                #   A_0_ & B_2_ & B_0_ & !S_0_ & N_7 );


                                                                      Page 3
ispLEVER Classic 2.0.00.17.20.15  -  Device Utilization Chart         Mon May 20 12:47:48 2019

P22V10G Programmed Logic:
--------------------------------------------------------------------------------






                                                                      Page 4
ispLEVER Classic 2.0.00.17.20.15  -  Device Utilization Chart         Mon May 20 12:47:48 2019

P22V10G Chip Diagram:
--------------------------------------------------------------------------------




                                   P22V10G

                         +---------\       /---------+
                         |          \     /          |
                         |           -----           |
                    A_3_ |  1                    24  | Vcc                     
                         |                           |
                    B_3_ |  2                    23  | un1_a_2_3__n            
                         |                           |
                    S_2_ |  3                    22  | !N_19_0                 
                         |                           |
                    A_2_ |  4                    21  | !N_13_0_2               
                         |                           |
                    A_1_ |  5                    20  | L_1_                    
                         |                           |
                    A_0_ |  6                    19  | L_3_                    
                         |                           |
                    B_2_ |  7                    18  |                         
                         |                           |
                    B_1_ |  8                    17  | L_2_                    
                         |                           |
                    B_0_ |  9                    16  | L_0_                    
                         |                           |
                    S_1_ | 10                    15  | !N_7                    
                         |                           |
                    S_0_ | 11                    14  | N_17_0                  
                         |                           |
                     GND | 12                    13  |                         
                         |                           |
                         |                           |
                         `---------------------------'

                        SIGNATURE: N/A


                                                                      Page 5
ispLEVER Classic 2.0.00.17.20.15  -  Device Utilization Chart         Mon May 20 12:47:48 2019

P22V10G Resource Allocations:
--------------------------------------------------------------------------------



        Device        | Resource  |   Design    |
       Resources      | Available | Requirement | Unused
======================|===========|=============|==============
                      |           |             |
Input Pins:           |           |             |
                      |           |             |
          Input:      |     12    |     11      |    1 (  8 %)
                      |           |             |
Output Pins:          |           |             |
                      |           |             |
          In/Out:     |     10    |      9      |    1 ( 10 %)
          Output:     |      -    |      -      |    -
                      |           |             |
Buried Nodes:         |           |             |
                      |           |             |
          Input Reg:  |      -    |      -      |    -
          Pin Reg:    |     10    |      0      |   10 (100 %)
          Buried Reg: |      -    |      -      |    -


                                                                      Page 6
ispLEVER Classic 2.0.00.17.20.15  -  Device Utilization Chart         Mon May 20 12:47:48 2019

P22V10G Product Terms Distribution:
--------------------------------------------------------------------------------



            Signal                       |    Pin   | Terms | Terms | Terms
             Name                        | Assigned | Used  |  Max  | Unused
=========================================|==========|=======|=======|=======
L_3_                                     |   19     |   4   |  16   |  12
L_2_                                     |   17     |   8   |  14   |   6
L_1_                                     |   20     |   8   |  14   |   6
L_0_                                     |   16     |   2   |  12   |  10
N_7                                      |   15     |   2   |  10   |   8
N_19_0                                   |   22     |   3   |  10   |   7
N_17_0                                   |   14     |   2   |   8   |   6
un1_a_2_3__n                             |   23     |   7   |   8   |   1
N_13_0_2                                 |   21     |   8   |  12   |   4


     ==== List of Inputs/Feedbacks ====

Signal Name                              | Pin      | Pin Type
=========================================|==========|=========
A_3_                                     |    1     | CLK/IN
B_3_                                     |    2     | INPUT
S_2_                                     |    3     | INPUT
A_2_                                     |    4     | INPUT
A_1_                                     |    5     | INPUT
A_0_                                     |    6     | INPUT
B_2_                                     |    7     | INPUT
B_1_                                     |    8     | INPUT
B_0_                                     |    9     | INPUT
S_1_                                     |   10     | INPUT
S_0_                                     |   11     | INPUT
N_7                                      |   15     | BIDIR
N_19_0                                   |   22     | BIDIR
N_17_0                                   |   14     | BIDIR
un1_a_2_3__n                             |   23     | BIDIR
N_13_0_2                                 |   21     | BIDIR


                                                                      Page 7
ispLEVER Classic 2.0.00.17.20.15  -  Device Utilization Chart         Mon May 20 12:47:48 2019

P22V10G Unused Resources:
--------------------------------------------------------------------------------



 Pin   |  Pin   |   Product   | Flip-flop
Number |  Type  |   Terms     |   Type
=======|========|=============|==========
   13  |  INPUT |      -      |    -   
   18  |  BIDIR | NORMAL 16   |    D
