Running in Lattice mode


Starting:    C:\ispLEVER_Classic2_0\synpbase\win64\mbin\synbatch.exe
Install:     C:\ispLEVER_Classic2_0\synpbase
Date:        Mon May 20 12:59:52 2019
Version:     I-2014.03LC 

Arguments:   -product synplify_pro  -batch c:/users/usuario/desktop/escuela 2019/sistemas/programas\ALU3.prj
ProductType: synplify_pro





log file: "C:\users\usuario\desktop\escuela 2019\sistemas\programas\ALU3.srr"

Running ALU3|programas

Running: Compile on ALU3|programas

Running: Compile Process on ALU3|programas

Running: Compile Input on ALU3|programas
Copied C:\users\usuario\desktop\escuela 2019\sistemas\programas\synwork\ALU3_comp.srs to C:\users\usuario\desktop\escuela 2019\sistemas\programas\ALU3.srs
compiler Completed
Return Code: 0
Run Time:0h:00m:01s

Running: Multi-srs Generator on ALU3|programas
Copied C:\users\usuario\desktop\escuela 2019\sistemas\programas\synwork\ALU3_comp.srs to C:\users\usuario\desktop\escuela 2019\sistemas\programas\synwork\ALU3_s.srs
multi_srs_gen Completed
Return Code: 0
Run Time:0h:00m:00s
Copied C:\users\usuario\desktop\escuela 2019\sistemas\programas\synwork\ALU3_mult.srs to C:\users\usuario\desktop\escuela 2019\sistemas\programas\ALU3.srs
Copied C:\users\usuario\desktop\escuela 2019\sistemas\programas\ALU3.srr to C:\users\usuario\desktop\escuela 2019\sistemas\programas\alu3.srf
Complete: Compile Process on ALU3|programas
Complete: Compile on ALU3|programas

Running: Map on ALU3|programas

Running: Map & Optimize on ALU3|programas
fpga_mapper Completed
Return Code: 0
Run Time:0h:00m:01s
Complete: Map on ALU3|programas
Copied C:\users\usuario\desktop\escuela 2019\sistemas\programas\ALU3.srr to C:\users\usuario\desktop\escuela 2019\sistemas\programas\alu3.srf
Complete: Logic Synthesis on ALU3|programas

exit status=0

exit status=0

