Running in Lattice mode


Starting:    C:\ispLEVER_Classic2_0\synpbase\win64\mbin\synbatch.exe
Install:     C:\ispLEVER_Classic2_0\synpbase
Date:        Mon May 27 08:52:01 2019
Version:     I-2014.03LC 

Arguments:   -product synplify_pro  -batch c:/users/usuario/desktop/escuela 2019/sistemas/programas/contador/contador_asc_des/contar\contador.prj
ProductType: synplify_pro





log file: "C:\users\usuario\desktop\escuela 2019\sistemas\programas\contador\contador_asc_des\contar\contador.srr"

Running contador|contar

Running: Compile on contador|contar

Running: Compile Process on contador|contar

Running: Compile Input on contador|contar
Copied C:\users\usuario\desktop\escuela 2019\sistemas\programas\contador\contador_asc_des\contar\synwork\contador_comp.srs to C:\users\usuario\desktop\escuela 2019\sistemas\programas\contador\contador_asc_des\contar\contador.srs
compiler Completed
Return Code: 0
Run Time:0h:00m:02s

Running: Multi-srs Generator on contador|contar
Copied C:\users\usuario\desktop\escuela 2019\sistemas\programas\contador\contador_asc_des\contar\synwork\contador_comp.srs to C:\users\usuario\desktop\escuela 2019\sistemas\programas\contador\contador_asc_des\contar\synwork\contador_s.srs
multi_srs_gen Completed
Return Code: 0
Run Time:0h:00m:01s
Copied C:\users\usuario\desktop\escuela 2019\sistemas\programas\contador\contador_asc_des\contar\synwork\contador_mult.srs to C:\users\usuario\desktop\escuela 2019\sistemas\programas\contador\contador_asc_des\contar\contador.srs
Copied C:\users\usuario\desktop\escuela 2019\sistemas\programas\contador\contador_asc_des\contar\contador.srr to C:\users\usuario\desktop\escuela 2019\sistemas\programas\contador\contador_asc_des\contar\contador.srf
Complete: Compile Process on contador|contar
Complete: Compile on contador|contar

Running: Map on contador|contar

Running: Map & Optimize on contador|contar
fpga_mapper Completed
Return Code: 0
Run Time:0h:00m:01s
Complete: Map on contador|contar
Copied C:\users\usuario\desktop\escuela 2019\sistemas\programas\contador\contador_asc_des\contar\contador.srr to C:\users\usuario\desktop\escuela 2019\sistemas\programas\contador\contador_asc_des\contar\contador.srf
Complete: Logic Synthesis on contador|contar

exit status=0

exit status=0

