MPASM 5.75                    AUTOMATICO.ASM   11-15-2017  10:24:32         PAGE  1


LOC  OBJECT CODE     LINE SOURCE TEXT
  VALUE

                      00001     list        p=16f887    ; list directive to define processor
                      00002     #include    <p16f887.inc>   ; processor specific variable definitions
                      00001         LIST
                      00002 
                      00003 ;==========================================================================
                      00004 ; Build date : Jul 02 2017
                      00005 ;  MPASM PIC16F887 processor include
                      00006 ; 
                      00007 ;  (c) Copyright 1999-2017 Microchip Technology, All rights reserved
                      00008 ;==========================================================================
                      00009 
                      00810         LIST
                      00003 
                      00004 ; '__CONFIG' directive is used to embed configuration data within .asm file.
                      00005 ; The labels following the directive are located in the respective .inc file.
                      00006 ; See respective data sheet for additional information on configuration word.
                      00007 
2007   28E4           00008     __CONFIG    _CONFIG1, _LVP_OFF & _FCMEN_ON & _IESO_OFF & _BOR_OFF & _CPD_OFF & _CP_OFF & _MCLRE_ON &
                             _PWRTE_ON & _WDT_OFF & _INTRC_OSC_NOCLKOUT
2008   3EFF           00009     __CONFIG    _CONFIG2, _WRT_OFF & _BOR21V
                      00010 ;**********************************************************************
                      00011 RESET_VECTOR    CODE    0x0000 ; processor reset vector
0000   0000           00012     nop
0001   2???           00013     goto    start              ; go to beginning of program
                      00014 
                      00015 INT_VECTOR      CODE    0x0004 ; interrupt vector location
                      00016 
                      00017 
                      00018 MAIN_PROG       CODE
                      00019 
0000                  00020 start
0000   1683           00021         bsf              STATUS,RP0                     ;ACCESO AL BANCO 1
0001   1303           00022         bcf              STATUS,RP1
Message[302]: Register in operand not in bank 0.  Ensure that bank bits are correct.
0002   0186           00023         clrf             TRISB                  ;CONFIGURO PORTB COMO SALIDA
0003   1703           00024         bsf              STATUS,RP1                     ;ACCESO AL BANCO 3
Message[302]: Register in operand not in bank 0.  Ensure that bank bits are correct.
0004   0188           00025         clrf             ANSEL                  ;CONFIGURACION DE SALIDAS DIGITALES
Message[302]: Register in operand not in bank 0.  Ensure that bank bits are correct.
0005   0189           00026         clrf             ANSELH                 ;CONFIGURACION DE ENTRADAS DIGITALES
0006   1283           00027         bcf              STATUS,RP0                     ;ACCESO AL BANCO 0
0007   1303           00028         bcf              STATUS,RP1
                      00029 ; Empieza Programa
0008                  00030 programa
0008   3016           00031         MOVLW                           0X16
0009   00A0           00032         MOVWF                           0X20
000A   3000           00033         MOVLW                           0X00
000B   00A2           00034         MOVWF                           0X22
000C   0103           00035         CLRW
000D                  00036 otra    
000D   0822           00037         MOVF                            0X22,0
000E   2???           00038         CALL                            SERRA
000F   0086           00039         MOVWF                           PORTB
MPASM 5.75                    AUTOMATICO.ASM   11-15-2017  10:24:32         PAGE  2


LOC  OBJECT CODE     LINE SOURCE TEXT
  VALUE

0010   2???           00040         CALL                            Retardo_200ms
0011   2???           00041         CALL                            Retardo_200ms
0012   2???           00042         CALL                            Retardo_200ms
0013   2???           00043         CALL                            Retardo_200ms
0014   2???           00044         CALL                            Retardo_200ms
0015   0AA2           00045         INCF                            0X22,1
0016   0BA0           00046         DECFSZ                          0X20,1
0017   2???           00047         GOTO                            otra
0018   2???           00048         GOTO                            start
                      00049         INCLUDE    <RETARDOS.inc>
                      00001 ;**************************** Librería "RETARDOS.INC" *********************************
                      00002 ;
                      00003 ;       ===================================================================
                      00004 ;         Del libro "MICROCONTROLADOR PIC16F84. DESARROLLO DE PROYECTOS"
                      00005 ;         E. Palacios, F. Remiro y L. López.
                      00006 ;         Editorial Ra-Ma.  www.ra-ma.es
                      00007 ;       ===================================================================
                      00008 ;
                      00009 ; Librería con múltiples subrutinas de retardos, desde 4 microsegundos hasta 20 segundos. 
                      00010 ; Además se pueden implementar otras subrutinas muy fácilmente.
                      00011 ;
                      00012 ; Se han calculado para un sistema microcontrolador con un PIC trabajando con un cristal
                      00013 ; de cuarzo a 4 MHz. Como cada ciclo máquina son 4 ciclos de reloj, resulta que cada
                      00014 ; ciclo máquina tarda 4 x 1/4MHz = 1 µs.
                      00015 ;
                      00016 ; En los comentarios, "cm" significa "ciclos máquina".
                      00017 ;
                      00018 ; ZONA DE DATOS *********************************************************************
                      00019 
Message[313]: CBLOCK constants will start with a value of 0.
                      00020         CBLOCK
  00000000            00021         R_ContA                         ; Contadores para los retardos.
  00000001            00022         R_ContB
  00000002            00023         R_ContC
                      00024         ENDC
                      00025 ;
                      00026 ; RETARDOS de 4 hasta 10 microsegundos ---------------------------------------------------
                      00027 ;
                      00028 ; A continuación retardos pequeños teniendo en cuenta que para una frecuencia de 4 MHZ,
                      00029 ; la llamada a subrutina "call" tarda 2 ciclos máquina, el retorno de subrutina
                      00030 ; "return" toma otros 2 ciclos máquina y cada instrucción "nop" tarda 1 ciclo máquina.
                      00031 ;
0019                  00032 Retardo_10micros                                ; La llamada "call" aporta 2 ciclos máquina.
0019   0000           00033         nop                             ; Aporta 1 ciclo máquina.
001A   0000           00034         nop                             ; Aporta 1 ciclo máquina.
001B   0000           00035         nop                             ; Aporta 1 ciclo máquina.
001C   0000           00036         nop                             ; Aporta 1 ciclo máquina.
001D   0000           00037         nop                             ; Aporta 1 ciclo máquina.
001E                  00038 Retardo_5micros                         ; La llamada "call" aporta 2 ciclos máquina.
001E   0000           00039         nop                             ; Aporta 1 ciclo máquina.
001F                  00040 Retardo_4micros                         ; La llamada "call" aporta 2 ciclos máquina.
001F   0008           00041         return                          ; El salto del retorno aporta 2 ciclos máquina.
                      00042 ;
MPASM 5.75                    AUTOMATICO.ASM   11-15-2017  10:24:32         PAGE  3


LOC  OBJECT CODE     LINE SOURCE TEXT
  VALUE

                      00043 ; RETARDOS de 20 hasta 500 microsegundos ------------------------------------------------
                      00044 ;
0020                  00045 Retardo_500micros                               ; La llamada "call" aporta 2 ciclos máquina.
0020   0000           00046         nop                             ; Aporta 1 ciclo máquina.
0021   30A4           00047         movlw   d'164'                  ; Aporta 1 ciclo máquina. Este es el valor de "K".
0022   2???           00048         goto    RetardoMicros           ; Aporta 2 ciclos máquina.
0023                  00049 Retardo_200micros                               ; La llamada "call" aporta 2 ciclos máquina.
0023   0000           00050         nop                             ; Aporta 1 ciclo máquina.
0024   3040           00051         movlw   d'64'                   ; Aporta 1 ciclo máquina. Este es el valor de "K".
0025   2???           00052         goto    RetardoMicros           ; Aporta 2 ciclos máquina.
0026                  00053 Retardo_100micros                               ; La llamada "call" aporta 2 ciclos máquina.
0026   301F           00054         movlw   d'31'                   ; Aporta 1 ciclo máquina. Este es el valor de "K".
0027   2???           00055         goto    RetardoMicros           ; Aporta 2 ciclos máquina.
0028                  00056 Retardo_50micros                                ; La llamada "call" aporta 2 ciclos máquina.
0028   0000           00057         nop                             ; Aporta 1 ciclo máquina.
0029   300E           00058         movlw   d'14'                   ; Aporta 1 ciclo máquina. Este es el valor de "K".
002A   2???           00059         goto    RetardoMicros           ; Aporta 2 ciclos máquina.
002B                  00060 Retardo_20micros                                ; La llamada "call" aporta 2 ciclos máquina.
002B   3005           00061         movlw   d'5'                    ; Aporta 1 ciclo máquina. Este es el valor de "K".
                      00062 ;
                      00063 ; El próximo bloque "RetardoMicros" tarda:
                      00064 ; 1 + (K-1) + 2 + (K-1)x2 + 2 = (2 + 3K) ciclos máquina.
                      00065 ;
002C                  00066 RetardoMicros
002C   0080           00067         movwf   R_ContA                 ; Aporta 1 ciclo máquina.
002D                  00068 Rmicros_Bucle
002D   0B80           00069         decfsz  R_ContA,F               ; (K-1)x1 cm (cuando no salta) + 2 cm (al saltar).
002E   2???           00070         goto    Rmicros_Bucle           ; Aporta (K-1)x2 ciclos máquina.
002F   0008           00071         return                          ; El salto del retorno aporta 2 ciclos máquina.
                      00072 ;
                      00073 ;En total estas subrutinas tardan:
                      00074 ; - Retardo_500micros:  2 + 1 + 1 + 2 + (2 + 3K) = 500 cm = 500 µs. (para K=164 y 4 MHz).
                      00075 ; - Retardo_200micros:  2 + 1 + 1 + 2 + (2 + 3K) = 200 cm = 200 µs. (para K= 64 y 4 MHz).
                      00076 ; - Retardo_100micros:  2     + 1 + 2 + (2 + 3K) = 100 cm = 100 µs. (para K= 31 y 4 MHz).
                      00077 ; - Retardo_50micros :  2 + 1 + 1 + 2 + (2 + 3K) =  50 cm =  50 µs. (para K= 14 y 4 MHz).
                      00078 ; - Retardo_20micros :  2     + 1     + (2 + 3K) =  20 cm =  20 µs. (para K=  5 y 4 MHz).
                      00079 ;
                      00080 ; RETARDOS de 1 ms hasta 200 ms. --------------------------------------------------------
                      00081 ;
                      00082 
0030                  00083 Retardo_200ms                           ; La llamada "call" aporta 2 ciclos máquina.
0030   30C8           00084         movlw   d'200'                  ; Aporta 1 ciclo máquina. Este es el valor de "M".
0031   2???           00085         goto    Retardos_ms             ; Aporta 2 ciclos máquina.
0032                  00086 Retardo_100ms                           ; La llamada "call" aporta 2 ciclos máquina.
0032   3064           00087         movlw   d'100'                  ; Aporta 1 ciclo máquina. Este es el valor de "M".
0033   2???           00088         goto    Retardos_ms             ; Aporta 2 ciclos máquina.
0034                  00089 Retardo_50ms                            ; La llamada "call" aporta 2 ciclos máquina.
0034   3032           00090         movlw   d'50'                   ; Aporta 1 ciclo máquina. Este es el valor de "M".
0035   2???           00091         goto    Retardos_ms             ; Aporta 2 ciclos máquina.
0036                  00092 Retardo_20ms                            ; La llamada "call" aporta 2 ciclos máquina.
0036   3014           00093         movlw   d'20'                   ; Aporta 1 ciclo máquina. Este es el valor de "M".
0037   2???           00094         goto    Retardos_ms             ; Aporta 2 ciclos máquina.
0038                  00095 Retardo_10ms                            ; La llamada "call" aporta 2 ciclos máquina.
MPASM 5.75                    AUTOMATICO.ASM   11-15-2017  10:24:32         PAGE  4


LOC  OBJECT CODE     LINE SOURCE TEXT
  VALUE

0038   300A           00096         movlw   d'10'                   ; Aporta 1 ciclo máquina. Este es el valor de "M".
0039   2???           00097         goto    Retardos_ms             ; Aporta 2 ciclos máquina.
003A                  00098 Retardo_5ms                             ; La llamada "call" aporta 2 ciclos máquina.
003A   3005           00099         movlw   d'5'                    ; Aporta 1 ciclo máquina. Este es el valor de "M".
003B   2???           00100         goto    Retardos_ms             ; Aporta 2 ciclos máquina.
003C                  00101 Retardo_2ms                             ; La llamada "call" aporta 2 ciclos máquina.
003C   3002           00102         movlw   d'2'                    ; Aporta 1 ciclo máquina. Este es el valor de "M".
003D   2???           00103         goto    Retardos_ms             ; Aporta 2 ciclos máquina.
003E                  00104 Retardo_1ms                             ; La llamada "call" aporta 2 ciclos máquina.
003E   3001           00105         movlw   d'1'                    ; Aporta 1 ciclo máquina. Este es el valor de "M".
                      00106 ;
                      00107 ; El próximo bloque "Retardos_ms" tarda:
                      00108 ; 1 + M + M + KxM + (K-1)xM + Mx2 + (K-1)Mx2 + (M-1) + 2 + (M-1)x2 + 2 =
                      00109 ; = (2 + 4M + 4KM) ciclos máquina. Para K=249 y M=1 supone 1002 ciclos máquina
                      00110 ; que a 4 MHz son 1002 µs = 1 ms.
                      00111 ;
003F                  00112 Retardos_ms
003F   0081           00113         movwf   R_ContB                 ; Aporta 1 ciclo máquina.
0040                  00114 R1ms_BucleExterno
0040   30F9           00115         movlw   d'249'                  ; Aporta Mx1 ciclos máquina. Este es el valor de "K".
0041   0080           00116         movwf   R_ContA                 ; Aporta Mx1 ciclos máquina.
0042                  00117 R1ms_BucleInterno
0042   0000           00118         nop                             ; Aporta KxMx1 ciclos máquina.
0043   0B80           00119         decfsz  R_ContA,F               ; (K-1)xMx1 cm (cuando no salta) + Mx2 cm (al saltar).
0044   2???           00120         goto    R1ms_BucleInterno               ; Aporta (K-1)xMx2 ciclos máquina.
0045   0B81           00121         decfsz  R_ContB,F               ; (M-1)x1 cm (cuando no salta) + 2 cm (al saltar).
0046   2???           00122         goto    R1ms_BucleExterno       ; Aporta (M-1)x2 ciclos máquina.
0047   0008           00123         return                          ; El salto del retorno aporta 2 ciclos máquina.
                      00124 ;
                      00125 ;En total estas subrutinas tardan:
                      00126 ; - Retardo_200ms:      2 + 1 + 2 + (2 + 4M + 4KM) = 200007 cm = 200 ms. (M=200 y K=249).
                      00127 ; - Retardo_100ms:      2 + 1 + 2 + (2 + 4M + 4KM) = 100007 cm = 100 ms. (M=100 y K=249).
                      00128 ; - Retardo_50ms :      2 + 1 + 2 + (2 + 4M + 4KM) =  50007 cm =  50 ms. (M= 50 y K=249).
                      00129 ; - Retardo_20ms :      2 + 1 + 2 + (2 + 4M + 4KM) =  20007 cm =  20 ms. (M= 20 y K=249).
                      00130 ; - Retardo_10ms :      2 + 1 + 2 + (2 + 4M + 4KM) =  10007 cm =  10 ms. (M= 10 y K=249).
                      00131 ; - Retardo_5ms  :      2 + 1 + 2 + (2 + 4M + 4KM) =   5007 cm =   5 ms. (M=  5 y K=249).
                      00132 ; - Retardo_2ms  :      2 + 1 + 2 + (2 + 4M + 4KM) =   2007 cm =   2 ms. (M=  2 y K=249).
                      00133 ; - Retardo_1ms  :      2 + 1     + (2 + 4M + 4KM) =   1005 cm =   1 ms. (M=  1 y K=249).
                      00134 ;
                      00135 ; RETARDOS de 0.5 hasta 20 segundos ---------------------------------------------------
                      00136 ;
0048                  00137 Retardo_20s                             ; La llamada "call" aporta 2 ciclos máquina.
0048   30C8           00138         movlw   d'200'                  ; Aporta 1 ciclo máquina. Este es el valor de "N".
0049   2???           00139         goto    Retardo_1Decima         ; Aporta 2 ciclos máquina.
004A                  00140 Retardo_10s                             ; La llamada "call" aporta 2 ciclos máquina.
004A   3064           00141         movlw   d'100'                  ; Aporta 1 ciclo máquina. Este es el valor de "N".
004B   2???           00142         goto    Retardo_1Decima         ; Aporta 2 ciclos máquina.
004C                  00143 Retardo_5s                              ; La llamada "call" aporta 2 ciclos máquina.
004C   3032           00144         movlw   d'50'                   ; Aporta 1 ciclo máquina. Este es el valor de "N".
004D   2???           00145         goto    Retardo_1Decima         ; Aporta 2 ciclos máquina.
004E                  00146 Retardo_2s                              ; La llamada "call" aporta 2 ciclos máquina.
004E   3014           00147         movlw   d'20'                   ; Aporta 1 ciclo máquina. Este es el valor de "N".
004F   2???           00148         goto    Retardo_1Decima         ; Aporta 2 ciclos máquina.
MPASM 5.75                    AUTOMATICO.ASM   11-15-2017  10:24:32         PAGE  5


LOC  OBJECT CODE     LINE SOURCE TEXT
  VALUE

0050                  00149 Retardo_1s                              ; La llamada "call" aporta 2 ciclos máquina.
0050   300A           00150         movlw   d'10'                   ; Aporta 1 ciclo máquina. Este es el valor de "N".
0051   2???           00151         goto    Retardo_1Decima         ; Aporta 2 ciclos máquina.
0052                  00152 Retardo_500ms                           ; La llamada "call" aporta 2 ciclos máquina.
0052   3005           00153         movlw   d'5'                    ; Aporta 1 ciclo máquina. Este es el valor de "N".
                      00154 ;
                      00155 ; El próximo bloque "Retardo_1Decima" tarda:
                      00156 ; 1 + N + N + MxN + MxN + KxMxN + (K-1)xMxN + MxNx2 + (K-1)xMxNx2 +
                      00157 ;   + (M-1)xN + Nx2 + (M-1)xNx2 + (N-1) + 2 + (N-1)x2 + 2 =
                      00158 ; = (2 + 4M + 4MN + 4KM) ciclos máquina. Para K=249, M=100 y N=1 supone 100011
                      00159 ; ciclos máquina que a 4 MHz son 100011 µs = 100 ms = 0,1 s = 1 décima de segundo.
                      00160 ;
0053                  00161 Retardo_1Decima
0053   0082           00162         movwf   R_ContC                 ; Aporta 1 ciclo máquina.
0054                  00163 R1Decima_BucleExterno2
0054   3064           00164         movlw   d'100'                  ; Aporta Nx1 ciclos máquina. Este es el valor de "M".
0055   0081           00165         movwf   R_ContB                 ; Aporta Nx1 ciclos máquina.
0056                  00166 R1Decima_BucleExterno
0056   30F9           00167         movlw   d'249'                  ; Aporta MxNx1 ciclos máquina. Este es el valor de "K".
0057   0080           00168         movwf   R_ContA                 ; Aporta MxNx1 ciclos máquina.
0058                  00169 R1Decima_BucleInterno          
0058   0000           00170         nop                             ; Aporta KxMxNx1 ciclos máquina.
0059   0B80           00171         decfsz  R_ContA,F               ; (K-1)xMxNx1 cm (si no salta) + MxNx2 cm (al saltar).
005A   2???           00172         goto    R1Decima_BucleInterno   ; Aporta (K-1)xMxNx2 ciclos máquina.
005B   0B81           00173         decfsz  R_ContB,F               ; (M-1)xNx1 cm (cuando no salta) + Nx2 cm (al saltar).
005C   2???           00174         goto    R1Decima_BucleExterno   ; Aporta (M-1)xNx2 ciclos máquina.
005D   0B82           00175         decfsz  R_ContC,F               ; (N-1)x1 cm (cuando no salta) + 2 cm (al saltar).
005E   2???           00176         goto    R1Decima_BucleExterno2  ; Aporta (N-1)x2 ciclos máquina.
005F   0008           00177         return                          ; El salto del retorno aporta 2 ciclos máquina.
                      00178 ;
                      00179 ;En total estas subrutinas tardan:
                      00180 ; - Retardo_20s:        2 + 1 + 2 + (2 + 4N + 4MN + 4KMN) = 20000807 cm = 20 s.
                      00181 ;                       (N=200, M=100 y K=249).
                      00182 ; - Retardo_10s:        2 + 1 + 2 + (2 + 4N + 4MN + 4KMN) = 10000407 cm = 10 s.
                      00183 ;                       (N=100, M=100 y K=249).
                      00184 ; - Retardo_5s:         2 + 1 + 2 + (2 + 4N + 4MN + 4KMN) =  5000207 cm =  5 s.
                      00185 ;                       (N= 50, M=100 y K=249).
                      00186 ; - Retardo_2s:         2 + 1 + 2 + (2 + 4N + 4MN + 4KMN) =  2000087 cm =  2 s.
                      00187 ;                       (N= 20, M=100 y K=249).
                      00188 ; - Retardo_1s:         2 + 1 + 2 + (2 + 4N + 4MN + 4KMN) =  1000047 cm =  1 s.
                      00189 ;                       (N= 10, M=100 y K=249).
                      00190 ; - Retardo_500ms:      2 + 1     + (2 + 4N + 4MN + 4KMN) =   500025 cm = 0,5 s.
                      00191 ;                       (N=  5, M=100 y K=249).
                      00192 
                      00193 ;       ===================================================================
                      00194 ;         Del libro "MICROCONTROLADOR PIC16F84. DESARROLLO DE PROYECTOS"
                      00195 ;         E. Palacios, F. Remiro y L. López.
                      00196 ;         Editorial Ra-Ma.  www.ra-ma.es
                      00197 ;       ===================================================================
                      00198 
                      00199 
                      00200 
                      00201 
MPASM 5.75                    AUTOMATICO.ASM   11-15-2017  10:24:32         PAGE  6


LOC  OBJECT CODE     LINE SOURCE TEXT
  VALUE

                      00202 
                      00203 
                      00204 
                      00205 
0060                  00050 SERRA
0060   0782           00051         ADDWF PCL,F
0061   34BF           00052         RETLW B'10111111' ;0
0062   3486           00053         RETLW B'10000110' ;1
0063   34DB           00054         RETLW B'11011011' ;2
0064   34CF           00055         RETLW B'11001111' ;3 
0065   34E6           00056         RETLW B'11100110' ;4
0066   34ED           00057         RETLW B'11101101'
0067   34FD           00058         RETLW B'11111101'
0068   34C7           00059         RETLW B'11000111'
0069   34FF           00060         RETLW B'11111111'
006A   34E7           00061         RETLW B'11100111'
006B   34F7           00062         RETLW B'11110111'
006C   34FC           00063         RETLW B'11111100'
006D   34B9           00064         RETLW B'10111001'
006E   34DE           00065         RETLW B'11011110'
006F   34F9           00066         RETLW B'11111001'
0070   34F1           00067         RETLW B'11110001'
                      00068 
                      00069 
28E4 3EFF             00070     END    
MPASM 5.75                    AUTOMATICO.ASM   11-15-2017  10:24:32         PAGE  7


SYMBOL TABLE
  LABEL                             VALUE 

ABDEN                             00000000
ABDOVF                            00000007
ACKDT                             00000005
ACKEN                             00000004
ACKSTAT                           00000006
ADCON0                            0000001F
ADCON1                            0000009F
ADCS0                             00000006
ADCS1                             00000007
ADDEN                             00000003
ADFM                              00000007
ADIE                              00000006
ADIF                              00000006
ADON                              00000000
ADRESH                            0000001E
ADRESL                            0000009E
ANS0                              00000000
ANS1                              00000001
ANS10                             00000002
ANS11                             00000003
ANS12                             00000004
ANS13                             00000005
ANS2                              00000002
ANS3                              00000003
ANS4                              00000004
ANS5                              00000005
ANS6                              00000006
ANS7                              00000007
ANS8                              00000000
ANS9                              00000001
ANSEL                             00000188
ANSELH                            00000189
BAUDCTL                           00000187
BCLIE                             00000003
BCLIF                             00000003
BF                                00000000
BRG0                              00000000
BRG1                              00000001
BRG10                             00000002
BRG11                             00000003
BRG12                             00000004
BRG13                             00000005
BRG14                             00000006
BRG15                             00000007
BRG16                             00000003
BRG2                              00000002
BRG3                              00000003
BRG4                              00000004
BRG5                              00000005
BRG6                              00000006
BRG7                              00000007
BRG8                              00000000
BRG9                              00000001
MPASM 5.75                    AUTOMATICO.ASM   11-15-2017  10:24:32         PAGE  8


SYMBOL TABLE
  LABEL                             VALUE 

BRGH                              00000002
C                                 00000000
C1CH0                             00000000
C1CH1                             00000001
C1IE                              00000005
C1IF                              00000005
C1OE                              00000005
C1ON                              00000007
C1OUT                             00000006
C1POL                             00000004
C1R                               00000002
C1RSEL                            00000005
C1SEN                             00000005
C2CH0                             00000000
C2CH1                             00000001
C2IE                              00000006
C2IF                              00000006
C2OE                              00000005
C2ON                              00000007
C2OUT                             00000006
C2POL                             00000004
C2R                               00000002
C2REN                             00000004
C2RSEL                            00000004
C2SYNC                            00000000
CCP1CON                           00000017
CCP1IE                            00000002
CCP1IF                            00000002
CCP1M0                            00000000
CCP1M1                            00000001
CCP1M2                            00000002
CCP1M3                            00000003
CCP1X                             00000005
CCP1Y                             00000004
CCP2CON                           0000001D
CCP2IE                            00000000
CCP2IF                            00000000
CCP2M0                            00000000
CCP2M1                            00000001
CCP2M2                            00000002
CCP2M3                            00000003
CCP2X                             00000005
CCP2Y                             00000004
CCPR1                             00000015
CCPR1H                            00000016
CCPR1L                            00000015
CCPR2                             0000001B
CCPR2H                            0000001C
CCPR2L                            0000001B
CHS0                              00000002
CHS1                              00000003
CHS2                              00000004
CHS3                              00000005
MPASM 5.75                    AUTOMATICO.ASM   11-15-2017  10:24:32         PAGE  9


SYMBOL TABLE
  LABEL                             VALUE 

CKE                               00000006
CKP                               00000004
CM1CON0                           00000107
CM2CON0                           00000108
CM2CON1                           00000109
CREN                              00000004
CSRC                              00000007
D                                 00000005
DATA_ADDRESS                      00000005
DC                                00000001
DC1B0                             00000004
DC1B1                             00000005
DC2B0                             00000004
DC2B1                             00000005
D_A                               00000005
D_NOT_A                           00000005
ECCPAS                            0000009C
ECCPAS0                           00000004
ECCPAS1                           00000005
ECCPAS2                           00000006
ECCPASE                           00000007
EEADR                             0000010D
EEADRH                            0000010F
EECON1                            0000018C
EECON2                            0000018D
EEDAT                             0000010C
EEDATA                            0000010C
EEDATH                            0000010E
EEIE                              00000004
EEIF                              00000004
EEPGD                             00000007
F                                 00000001
FERR                              00000002
FSR                               00000004
FVREN                             00000000
GCEN                              00000007
GIE                               00000007
GO                                00000001
GO_DONE                           00000001
GO_NOT_DONE                       00000001
HTS                               00000002
I2C_DATA                          00000005
I2C_READ                          00000002
I2C_START                         00000003
I2C_STOP                          00000004
INDF                              00000000
INTCON                            0000000B
INTE                              00000004
INTEDG                            00000006
INTF                              00000001
IOCB                              00000096
IOCB0                             00000000
IOCB1                             00000001
MPASM 5.75                    AUTOMATICO.ASM   11-15-2017  10:24:32         PAGE 10


SYMBOL TABLE
  LABEL                             VALUE 

IOCB2                             00000002
IOCB3                             00000003
IOCB4                             00000004
IOCB5                             00000005
IOCB6                             00000006
IOCB7                             00000007
IRCF0                             00000004
IRCF1                             00000005
IRCF2                             00000006
IRP                               00000007
LTS                               00000001
MC1OUT                            00000007
MC2OUT                            00000006
MSK                               00000093
MSK0                              00000000
MSK1                              00000001
MSK2                              00000002
MSK3                              00000003
MSK4                              00000004
MSK5                              00000005
MSK6                              00000006
MSK7                              00000007
NOT_A                             00000005
NOT_ADDRESS                       00000005
NOT_BO                            00000000
NOT_BOR                           00000000
NOT_DONE                          00000001
NOT_PD                            00000003
NOT_POR                           00000001
NOT_RBPU                          00000007
NOT_RC8                           00000006
NOT_T1SYNC                        00000002
NOT_TO                            00000004
NOT_TX8                           00000006
NOT_W                             00000002
NOT_WRITE                         00000002
OERR                              00000001
OPTION_REG                        00000081
OSCCON                            0000008F
OSCTUNE                           00000090
OSFIE                             00000007
OSFIF                             00000007
OSTS                              00000003
P                                 00000004
P1M0                              00000006
P1M1                              00000007
PCL                               00000002
PCLATH                            0000000A
PCON                              0000008E
PDC0                              00000000
PDC1                              00000001
PDC2                              00000002
PDC3                              00000003
MPASM 5.75                    AUTOMATICO.ASM   11-15-2017  10:24:32         PAGE 11


SYMBOL TABLE
  LABEL                             VALUE 

PDC4                              00000004
PDC5                              00000005
PDC6                              00000006
PEIE                              00000006
PEN                               00000002
PIE1                              0000008C
PIE2                              0000008D
PIR1                              0000000C
PIR2                              0000000D
PORTA                             00000005
PORTB                             00000006
PORTC                             00000007
PORTD                             00000008
PORTE                             00000009
PR2                               00000092
PRSEN                             00000007
PS0                               00000000
PS1                               00000001
PS2                               00000002
PSA                               00000003
PSSAC0                            00000002
PSSAC1                            00000003
PSSBD0                            00000000
PSSBD1                            00000001
PSTRCON                           0000009D
PULSR                             00000002
PULSS                             00000003
PWM1CON                           0000009B
R                                 00000002
R1Decima_BucleExterno             00000056
R1Decima_BucleExterno2            00000054
R1Decima_BucleInterno             00000058
R1ms_BucleExterno                 00000040
R1ms_BucleInterno                 00000042
RA0                               00000000
RA1                               00000001
RA2                               00000002
RA3                               00000003
RA4                               00000004
RA5                               00000005
RA6                               00000006
RA7                               00000007
RB0                               00000000
RB1                               00000001
RB2                               00000002
RB3                               00000003
RB4                               00000004
RB5                               00000005
RB6                               00000006
RB7                               00000007
RBIE                              00000003
RBIF                              00000000
RC0                               00000000
MPASM 5.75                    AUTOMATICO.ASM   11-15-2017  10:24:32         PAGE 12


SYMBOL TABLE
  LABEL                             VALUE 

RC1                               00000001
RC2                               00000002
RC3                               00000003
RC4                               00000004
RC5                               00000005
RC6                               00000006
RC7                               00000007
RC8_9                             00000006
RC9                               00000006
RCD8                              00000000
RCEN                              00000003
RCIDL                             00000006
RCIE                              00000005
RCIF                              00000005
RCREG                             0000001A
RCSTA                             00000018
RD                                00000000
RD0                               00000000
RD1                               00000001
RD2                               00000002
RD3                               00000003
RD4                               00000004
RD5                               00000005
RD6                               00000006
RD7                               00000007
RE0                               00000000
RE1                               00000001
RE2                               00000002
RE3                               00000003
READ_WRITE                        00000002
RP0                               00000005
RP1                               00000006
RSEN                              00000001
RX9                               00000006
RX9D                              00000000
R_ContA                           00000000
R_ContB                           00000001
R_ContC                           00000002
R_NOT_W                           00000002
R_W                               00000002
RetardoMicros                     0000002C
Retardo_100micros                 00000026
Retardo_100ms                     00000032
Retardo_10micros                  00000019
Retardo_10ms                      00000038
Retardo_10s                       0000004A
Retardo_1Decima                   00000053
Retardo_1ms                       0000003E
Retardo_1s                        00000050
Retardo_200micros                 00000023
Retardo_200ms                     00000030
Retardo_20micros                  0000002B
Retardo_20ms                      00000036
MPASM 5.75                    AUTOMATICO.ASM   11-15-2017  10:24:32         PAGE 13


SYMBOL TABLE
  LABEL                             VALUE 

Retardo_20s                       00000048
Retardo_2ms                       0000003C
Retardo_2s                        0000004E
Retardo_4micros                   0000001F
Retardo_500micros                 00000020
Retardo_500ms                     00000052
Retardo_50micros                  00000028
Retardo_50ms                      00000034
Retardo_5micros                   0000001E
Retardo_5ms                       0000003A
Retardo_5s                        0000004C
Retardos_ms                       0000003F
Rmicros_Bucle                     0000002D
S                                 00000003
SBOREN                            00000004
SCKP                              00000004
SCS                               00000000
SEN                               00000000
SENDB                             00000003
SERRA                             00000060
SMP                               00000007
SPBRG                             00000099
SPBRGH                            0000009A
SPEN                              00000007
SR0                               00000006
SR1                               00000007
SRCON                             00000185
SREN                              00000005
SSPADD                            00000093
SSPBUF                            00000013
SSPCON                            00000014
SSPCON2                           00000091
SSPEN                             00000005
SSPIE                             00000003
SSPIF                             00000003
SSPM0                             00000000
SSPM1                             00000001
SSPM2                             00000002
SSPM3                             00000003
SSPMSK                            00000093
SSPOV                             00000006
SSPSTAT                           00000094
STATUS                            00000003
STRA                              00000000
STRB                              00000001
STRC                              00000002
STRD                              00000003
STRSYNC                           00000004
SWDTEN                            00000000
SYNC                              00000004
T0CS                              00000005
T0IE                              00000005
T0IF                              00000002
MPASM 5.75                    AUTOMATICO.ASM   11-15-2017  10:24:32         PAGE 14


SYMBOL TABLE
  LABEL                             VALUE 

T0SE                              00000004
T1CKPS0                           00000004
T1CKPS1                           00000005
T1CON                             00000010
T1GINV                            00000007
T1GIV                             00000007
T1GSS                             00000001
T1INSYNC                          00000002
T1OSCEN                           00000003
T1SYNC                            00000002
T2CKPS0                           00000000
T2CKPS1                           00000001
T2CON                             00000012
TMR0                              00000001
TMR0IE                            00000005
TMR0IF                            00000002
TMR1                              0000000E
TMR1CS                            00000001
TMR1GE                            00000006
TMR1H                             0000000F
TMR1IE                            00000000
TMR1IF                            00000000
TMR1L                             0000000E
TMR1ON                            00000000
TMR2                              00000011
TMR2IE                            00000001
TMR2IF                            00000001
TMR2ON                            00000002
TOUTPS0                           00000003
TOUTPS1                           00000004
TOUTPS2                           00000005
TOUTPS3                           00000006
TRISA                             00000085
TRISA0                            00000000
TRISA1                            00000001
TRISA2                            00000002
TRISA3                            00000003
TRISA4                            00000004
TRISA5                            00000005
TRISA6                            00000006
TRISA7                            00000007
TRISB                             00000086
TRISB0                            00000000
TRISB1                            00000001
TRISB2                            00000002
TRISB3                            00000003
TRISB4                            00000004
TRISB5                            00000005
TRISB6                            00000006
TRISB7                            00000007
TRISC                             00000087
TRISC0                            00000000
TRISC1                            00000001
MPASM 5.75                    AUTOMATICO.ASM   11-15-2017  10:24:32         PAGE 15


SYMBOL TABLE
  LABEL                             VALUE 

TRISC2                            00000002
TRISC3                            00000003
TRISC4                            00000004
TRISC5                            00000005
TRISC6                            00000006
TRISC7                            00000007
TRISD                             00000088
TRISD0                            00000000
TRISD1                            00000001
TRISD2                            00000002
TRISD3                            00000003
TRISD4                            00000004
TRISD5                            00000005
TRISD6                            00000006
TRISD7                            00000007
TRISE                             00000089
TRISE0                            00000000
TRISE1                            00000001
TRISE2                            00000002
TRISE3                            00000003
TRMT                              00000001
TUN0                              00000000
TUN1                              00000001
TUN2                              00000002
TUN3                              00000003
TUN4                              00000004
TX8_9                             00000006
TX9                               00000006
TX9D                              00000000
TXD8                              00000000
TXEN                              00000005
TXIE                              00000004
TXIF                              00000004
TXREG                             00000019
TXSTA                             00000098
UA                                00000001
ULPWUE                            00000005
ULPWUIE                           00000002
ULPWUIF                           00000002
VCFG0                             00000004
VCFG1                             00000005
VR0                               00000000
VR1                               00000001
VR2                               00000002
VR3                               00000003
VRCON                             00000097
VREN                              00000007
VROE                              00000006
VRR                               00000005
VRSS                              00000004
W                                 00000000
WCOL                              00000007
WDTCON                            00000105
MPASM 5.75                    AUTOMATICO.ASM   11-15-2017  10:24:32         PAGE 16


SYMBOL TABLE
  LABEL                             VALUE 

WDTPS0                            00000001
WDTPS1                            00000002
WDTPS2                            00000003
WDTPS3                            00000004
WPUB                              00000095
WPUB0                             00000000
WPUB1                             00000001
WPUB2                             00000002
WPUB3                             00000003
WPUB4                             00000004
WPUB5                             00000005
WPUB6                             00000006
WPUB7                             00000007
WR                                00000001
WREN                              00000002
WRERR                             00000003
WUE                               00000001
Z                                 00000002
_BOR21V                           00003EFF
_BOR40V                           00003FFF
_BOR4V_BOR21V                     00003EFF
_BOR4V_BOR40V                     00003FFF
_BOREN_NSLEEP                     00003EFF
_BOREN_OFF                        00003CFF
_BOREN_ON                         00003FFF
_BOREN_SBODEN                     00003DFF
_BOR_NSLEEP                       00003EFF
_BOR_OFF                          00003CFF
_BOR_ON                           00003FFF
_BOR_SBODEN                       00003DFF
_CONFIG1                          00002007
_CONFIG2                          00002008
_CPD_OFF                          00003FFF
_CPD_ON                           00003F7F
_CP_OFF                           00003FFF
_CP_ON                            00003FBF
_DEBUG_OFF                        00003FFF
_DEBUG_ON                         00001FFF
_DEVID1                           00002006
_EC_OSC                           00003FFB
_EXTRC                            00003FFF
_EXTRCIO                          00003FFE
_EXTRC_OSC_CLKOUT                 00003FFF
_EXTRC_OSC_NOCLKOUT               00003FFE
_FCMEN_OFF                        000037FF
_FCMEN_ON                         00003FFF
_FOSC_EC                          00003FFB
_FOSC_EXTRC_CLKOUT                00003FFF
_FOSC_EXTRC_NOCLKOUT              00003FFE
_FOSC_HS                          00003FFA
_FOSC_INTRC_CLKOUT                00003FFD
_FOSC_INTRC_NOCLKOUT              00003FFC
_FOSC_LP                          00003FF8
MPASM 5.75                    AUTOMATICO.ASM   11-15-2017  10:24:32         PAGE 17


SYMBOL TABLE
  LABEL                             VALUE 

_FOSC_XT                          00003FF9
_HS_OSC                           00003FFA
_IDLOC0                           00002000
_IDLOC1                           00002001
_IDLOC2                           00002002
_IDLOC3                           00002003
_IESO_OFF                         00003BFF
_IESO_ON                          00003FFF
_INTOSC                           00003FFD
_INTOSCIO                         00003FFC
_INTRC_OSC_CLKOUT                 00003FFD
_INTRC_OSC_NOCLKOUT               00003FFC
_LP_OSC                           00003FF8
_LVP_OFF                          00002FFF
_LVP_ON                           00003FFF
_MCLRE_OFF                        00003FDF
_MCLRE_ON                         00003FFF
_PWRTE_OFF                        00003FFF
_PWRTE_ON                         00003FEF
_WDTE_OFF                         00003FF7
_WDTE_ON                          00003FFF
_WDT_OFF                          00003FF7
_WDT_ON                           00003FFF
_WRT_1FOURTH                      00003BFF
_WRT_256                          00003DFF
_WRT_HALF                         000039FF
_WRT_OFF                          00003FFF
_XT_OSC                           00003FF9
__16F887                          00000001
otra                              0000000D
programa                          00000008
start                             00000000

Errors   :     0
Warnings :     0 reported,     0 suppressed
Messages :     4 reported,     0 suppressed

