ispLEVER Auto-Make Log File
---------------------------

Updating: Create Fuse Map
Start to record tcl script...
Finished recording TCL script.

Starting: 'C:\ispLEVER_Classic2_0\ispcpld\bin\iblifopt.exe "display.bl0" -red bypin choose -collapse -pterms 8 -family -err automake.err -gui'

BLIFOPT  Open-ABEL Optimizer 
ispLEVER Classic 2.0 Copyright(C), 1992-2005, Lattice Semiconductor Corporation. All rights reserved
Portions Copyright(c), 1992-1999, Vantis Corporation
Portions Copyright(C), 1993-1998, Data I/O Corporation
Portions Copyright(C), 1997-1998, MINC Washington Corporation
Portions Copyright(C), Alan Phillips, Lancaster University Computer Centre 1992-1998
U.C. Berkeley, SIS Ver. 1.0, supported by Lattice Semiconductor Corp.
Reading Open-ABEL 2 file display.bl0...
Node numero_c has been collapsed.
Node vcc_n_n has been collapsed.
Node gnd_n_n has been collapsed.
Node numero_i has been collapsed.
Performing 'bypin choose' optimization...
Writing Open-ABEL 2 (BLIF) file display.bl1...

BLIFOPT complete - 0 errors, 0 warnings. Time: 1 seconds

Done: completed successfully.

Starting: 'C:\ispLEVER_Classic2_0\ispcpld\bin\iblflink.exe "display.bl1" -o "display2.bl2" -omod display -family -err automake.err -gui'

BLIFLINK  Top-Down Design Linker
ispLEVER Classic 2.0 Copyright(C), 1992-2005, Lattice Semiconductor Corporation. All rights reserved
Portions Copyright(c), 1992-1999, Vantis Corporation
Portions Copyright(C), 1993-1998, Data I/O Corporation
Portions Copyright(C), 1997-1998, MINC Washington Corporation
Portions Copyright(C), Alan Phillips, Lancaster University Computer Centre 1992-1998

Top-level file: 'display.bl1'

Hierarchical BLIF: 'display2.bl2'

BLIFLINK complete.  Time: 1 second 

Done: completed successfully.

Starting: 'C:\ispLEVER_Classic2_0\ispcpld\bin\iblifopt.exe display2.bl2 -red bypin choose -sweep -collapse all -pterms 8 -err automake.err -gui'

BLIFOPT  Open-ABEL Optimizer 
ispLEVER Classic 2.0 Copyright(C), 1992-2005, Lattice Semiconductor Corporation. All rights reserved
Portions Copyright(c), 1992-1999, Vantis Corporation
Portions Copyright(C), 1993-1998, Data I/O Corporation
Portions Copyright(C), 1997-1998, MINC Washington Corporation
Portions Copyright(C), Alan Phillips, Lancaster University Computer Centre 1992-1998
U.C. Berkeley, SIS Ver. 1.0, supported by Lattice Semiconductor Corp.
Reading Open-ABEL 2 file display2.bl2...
Performing 'bypin choose' optimization...
Writing Open-ABEL 2 (BLIF) file display2.bl3...

BLIFOPT complete - 0 errors, 0 warnings. Time: 1 seconds

Done: completed successfully.

Starting: 'C:\ispLEVER_Classic2_0\ispcpld\bin\idiofft.exe display2.bl3 -pla -o display2.tt2 -dev p22v10g -define N -err automake.err -gui'

DIOFFT  Flip-Flop Transformation program
ispLEVER Classic 2.0 Copyright(C), 1992-2005, Lattice Semiconductor Corporation. All rights reserved
Portions Copyright(c), 1992-1999, Vantis Corporation
Portions Copyright(C), 1993-1998, Data I/O Corporation
Portions Copyright(C), 1997-1998, MINC Washington Corporation
Portions Copyright(C), Alan Phillips, Lancaster University Computer Centre 1992-1998
Input file: display2.bl3.
Output file: display2.tt2.
Cross reference file: display2.xrf.

Shortening signal names...
Writing signal name cross reference file display2.xrf... 

DIOFFT complete. - Time 0 seconds

Done: completed successfully.

Starting: 'C:\ispLEVER_Classic2_0\ispcpld\bin\fit.exe display2.tt2 -dev p22v10g -str -err automake.err -gui'

FIT  Generic Device Fitter
ispLEVER Classic 2.0 Copyright(C), 1992-2005, Lattice Semiconductor Corporation. All rights reserved
Portions Copyright(c), 1992-1999, Vantis Corporation
Portions Copyright(C), 1993-1998, Data I/O Corporation
Portions Copyright(C), 1997-1998, MINC Washington Corporation
Portions Copyright(C), Alan Phillips, Lancaster University Computer Centre 1992-1998
Input file: 'display2.tt2'
Device 'p22v10g'
Design FITS
Pin-assigned pla: 'display2.tt3'

FIT complete.  Time: 1 second.

Done: completed successfully.

Starting: 'C:\ispLEVER_Classic2_0\ispcpld\bin\fuseasm.exe display2.tt3 -dev p22v10g -o display2.jed -ivec NoInput.tmv -rep display2.rpt -doc brief -con ptblown -for brief -err automake.err -gui'

FUSEASM  Fusemap Assembler
ispLEVER Classic 2.0 Copyright(C), 1992-2005, Lattice Semiconductor Corporation. All rights reserved
Portions Copyright(c), 1992-1999, Vantis Corporation
Portions Copyright(C), 1993-1998, Data I/O Corporation
Portions Copyright(C), 1997-1998, MINC Washington Corporation
Portions Copyright(C), Alan Phillips, Lancaster University Computer Centre 1992-1998
Note 5144: Could not open vector file NoInput.tmv

Input file: 'display2.tt3'
Device: 'P22V10G'
Building model...
Choosing best polarities...
Mapping equations...
11 of 132 terms used; 0 vectors loaded
Programmer load file: 'display2.jed'
Generating report...
Report file: 'display2.rpt'

FUSEASM complete.  Time: 1 second 

Done: completed successfully.

Starting: 'C:\ispLEVER_Classic2_0\ispcpld\bin\synsvf.exe -exe "C:\ispLEVER_Classic2_0\ispvmsystem/ispufw" -prj display2 -if display2.jed -j2s -log display2.svl -gui'

Need not generate svf file according to the constraints, exit
Done: completed successfully.
