Running in Lattice mode


Starting:    C:\ispLEVER_Classic2_0\synpbase\win64\mbin\synbatch.exe
Install:     C:\ispLEVER_Classic2_0\synpbase
Date:        Sat Dec 08 14:05:18 2018
Version:     I-2014.03LC 

Arguments:   -product synplify_pro  -batch c:/isplever_classic2_0/proyectos/display2\display.prj
ProductType: synplify_pro





log file: "C:\isplever_classic2_0\proyectos\display2\display.srr"

Running display|display2

Running: Compile on display|display2

Running: Compile Process on display|display2

Running: Compile Input on display|display2
Copied C:\isplever_classic2_0\proyectos\display2\synwork\display_comp.srs to C:\isplever_classic2_0\proyectos\display2\display.srs
compiler Completed
Return Code: 0
Run Time:0h:00m:01s

Running: Multi-srs Generator on display|display2
Copied C:\isplever_classic2_0\proyectos\display2\synwork\display_comp.srs to C:\isplever_classic2_0\proyectos\display2\synwork\display_s.srs
multi_srs_gen Completed
Return Code: 0
Run Time:0h:00m:00s
Copied C:\isplever_classic2_0\proyectos\display2\synwork\display_mult.srs to C:\isplever_classic2_0\proyectos\display2\display.srs
Copied C:\isplever_classic2_0\proyectos\display2\display.srr to C:\isplever_classic2_0\proyectos\display2\display.srf
Complete: Compile Process on display|display2
Complete: Compile on display|display2

Running: Map on display|display2

Running: Map & Optimize on display|display2
fpga_mapper Completed
Return Code: 0
Run Time:0h:00m:00s
Complete: Map on display|display2
Complete: Logic Synthesis on display|display2

exit status=0

exit status=0

