

                                                                      Page 1
ispLEVER Classic 2.0.00.17.20.15  -  Device Utilization Chart         Sat Dec 08 14:01:33 2018



--------------------------------------------------------------------------------

Module                   : 'displays'

--------------------------------------------------------------------------------

Input files:

    ABEL PLA file        : displays.tt3
    Device library       : P22V10G.dev

Output files:

    Report file          : displays.rpt
    Programmer load file : displays.jed

--------------------------------------------------------------------------------


                                                                      Page 2
ispLEVER Classic 2.0.00.17.20.15  -  Device Utilization Chart         Sat Dec 08 14:01:33 2018

P22V10G Programmed Logic:
--------------------------------------------------------------------------------



salida_6_     = (  num_3_ & num_2_ & num_1_ & num_0_ 
                 #   !num_3_ & !num_2_ & num_1_ & num_0_ 
                 #   !num_3_ & num_2_ & !num_1_ & num_0_ 
                 #   num_3_ & !num_2_ & !num_1_ & num_0_ );

dis2     = (  num_3_ & num_2_ & num_1_ );

salida_5_     = (  !num_3_ & !num_2_ & num_0_ 
                 #   !num_2_ & !num_1_ & num_0_ 
                 #   num_3_ & num_2_ & num_1_ & !num_0_ );

salida_4_     = (  num_3_ & num_2_ & num_1_ 
                 #   !num_3_ & !num_2_ & num_0_ 
                 #   !num_3_ & !num_1_ & num_0_ 
                 #   !num_2_ & !num_1_ & num_0_ );

salida_3_     = (  num_3_ & num_2_ & num_1_ & num_0_ 
                 #   !num_3_ & !num_2_ & num_1_ & num_0_ 
                 #   !num_3_ & num_2_ & !num_1_ & num_0_ );

salida_2_     = (0);

salida_1_     = (  num_3_ & num_2_ & num_1_ 
                 #   !num_3_ & num_2_ & !num_1_ & num_0_ 
                 #   num_3_ & !num_2_ & !num_1_ & num_0_ );

salida_0_     = (  num_3_ & num_2_ & num_1_ 
                 #   !num_3_ & !num_2_ & num_1_ & num_0_ 
                 #   !num_3_ & num_2_ & !num_1_ & num_0_ 
                 #   num_3_ & !num_2_ & !num_1_ & num_0_ );



                                                                      Page 3
ispLEVER Classic 2.0.00.17.20.15  -  Device Utilization Chart         Sat Dec 08 14:01:33 2018

P22V10G Chip Diagram:
--------------------------------------------------------------------------------




                                   P22V10G

                         +---------\       /---------+
                         |          \     /          |
                         |           -----           |
                  num_3_ |  1                    24  | Vcc                     
                         |                           |
                  num_2_ |  2                    23  | salida_0_               
                         |                           |
                  num_1_ |  3                    22  | salida_2_               
                         |                           |
                  num_0_ |  4                    21  | salida_4_               
                         |                           |
                         |  5                    20  | dis2                    
                         |                           |
                         |  6                    19  |                         
                         |                           |
                         |  7                    18  |                         
                         |                           |
                         |  8                    17  | salida_6_               
                         |                           |
                         |  9                    16  | salida_5_               
                         |                           |
                         | 10                    15  | salida_3_               
                         |                           |
                         | 11                    14  | salida_1_               
                         |                           |
                     GND | 12                    13  |                         
                         |                           |
                         |                           |
                         `---------------------------'

                        SIGNATURE: N/A


                                                                      Page 4
ispLEVER Classic 2.0.00.17.20.15  -  Device Utilization Chart         Sat Dec 08 14:01:33 2018

P22V10G Resource Allocations:
--------------------------------------------------------------------------------



        Device        | Resource  |   Design    |
       Resources      | Available | Requirement | Unused
======================|===========|=============|==============
                      |           |             |
Input Pins:           |           |             |
                      |           |             |
          Input:      |     12    |      4      |    8 ( 66 %)
                      |           |             |
Output Pins:          |           |             |
                      |           |             |
          In/Out:     |     10    |      8      |    2 ( 20 %)
          Output:     |      -    |      -      |    -
                      |           |             |
Buried Nodes:         |           |             |
                      |           |             |
          Input Reg:  |      -    |      -      |    -
          Pin Reg:    |     10    |      0      |   10 (100 %)
          Buried Reg: |      -    |      -      |    -


                                                                      Page 5
ispLEVER Classic 2.0.00.17.20.15  -  Device Utilization Chart         Sat Dec 08 14:01:33 2018

P22V10G Product Terms Distribution:
--------------------------------------------------------------------------------



            Signal                       |    Pin   | Terms | Terms | Terms
             Name                        | Assigned | Used  |  Max  | Unused
=========================================|==========|=======|=======|=======
salida_6_                                |   17     |   4   |  14   |  10
dis2                                     |   20     |   1   |  14   |  13
salida_5_                                |   16     |   3   |  12   |   9
salida_4_                                |   21     |   4   |  12   |   8
salida_3_                                |   15     |   3   |  10   |   7
salida_2_                                |   22     |   0   |  10   |  10
salida_1_                                |   14     |   3   |   8   |   5
salida_0_                                |   23     |   4   |   8   |   4


     ==== List of Inputs/Feedbacks ====

Signal Name                              | Pin      | Pin Type
=========================================|==========|=========
num_3_                                   |    1     | CLK/IN
num_2_                                   |    2     | INPUT
num_1_                                   |    3     | INPUT
num_0_                                   |    4     | INPUT


                                                                      Page 6
ispLEVER Classic 2.0.00.17.20.15  -  Device Utilization Chart         Sat Dec 08 14:01:33 2018

P22V10G Unused Resources:
--------------------------------------------------------------------------------



 Pin   |  Pin   |   Product   | Flip-flop
Number |  Type  |   Terms     |   Type
=======|========|=============|==========
    5  |  INPUT |      -      |    -   
    6  |  INPUT |      -      |    -   
    7  |  INPUT |      -      |    -   
    8  |  INPUT |      -      |    -   
    9  |  INPUT |      -      |    -   
   10  |  INPUT |      -      |    -   
   11  |  INPUT |      -      |    -   
   13  |  INPUT |      -      |    -   
   18  |  BIDIR | NORMAL 16   |    D
   19  |  BIDIR | NORMAL 16   |    D
