Running in Lattice mode


Starting:    C:\ispLEVER_Classic2_0\synpbase\win64\mbin\synbatch.exe
Install:     C:\ispLEVER_Classic2_0\synpbase
Date:        Sat Dec 08 14:01:11 2018
Version:     I-2014.03LC 

Arguments:   -product synplify_pro  -batch c:/isplever_classic2_0/proyectos/display1\displays.prj
ProductType: synplify_pro





log file: "C:\isplever_classic2_0\proyectos\display1\displays.srr"

Running displays|display1

Running: Compile on displays|display1

Running: Compile Process on displays|display1

Running: Compile Input on displays|display1
Copied C:\isplever_classic2_0\proyectos\display1\synwork\displays_comp.srs to C:\isplever_classic2_0\proyectos\display1\displays.srs
compiler Completed
Return Code: 0
Run Time:0h:00m:01s

Running: Multi-srs Generator on displays|display1
Copied C:\isplever_classic2_0\proyectos\display1\synwork\displays_comp.srs to C:\isplever_classic2_0\proyectos\display1\synwork\displays_s.srs
multi_srs_gen Completed
Return Code: 0
Run Time:0h:00m:00s
Copied C:\isplever_classic2_0\proyectos\display1\synwork\displays_mult.srs to C:\isplever_classic2_0\proyectos\display1\displays.srs
Copied C:\isplever_classic2_0\proyectos\display1\displays.srr to C:\isplever_classic2_0\proyectos\display1\displays.srf
Complete: Compile Process on displays|display1
Complete: Compile on displays|display1

Running: Map on displays|display1

Running: Map & Optimize on displays|display1
fpga_mapper Completed
Return Code: 0
Run Time:0h:00m:01s
Complete: Map on displays|display1
Copied C:\isplever_classic2_0\proyectos\display1\displays.srr to C:\isplever_classic2_0\proyectos\display1\displays.srf
Complete: Logic Synthesis on displays|display1

exit status=0

exit status=0

