

                                                                      Page 1
ispLEVER Classic 2.0.00.17.20.15  -  Device Utilization Chart         Thu May 09 17:47:58 2019



--------------------------------------------------------------------------------

Module                   : 'comparador'

--------------------------------------------------------------------------------

Input files:

    ABEL PLA file        : comparador.tt3
    Device library       : P22V10G.dev

Output files:

    Report file          : comparador.rpt
    Programmer load file : comparador.jed

--------------------------------------------------------------------------------


                                                                      Page 2
ispLEVER Classic 2.0.00.17.20.15  -  Device Utilization Chart         Thu May 09 17:47:58 2019

P22V10G Programmed Logic:
--------------------------------------------------------------------------------



display_7_     = (  !n1_3_ & n2_3_ 
                  #   !n1_3_ & !n1_2_ & n2_2_ 
                  #   n2_3_ & !n1_2_ & n2_2_ 
                  #   !n1_3_ & !n1_2_ & !N_27_0 
                  #   n2_3_ & !n1_2_ & !N_27_0 
                  #   !n1_3_ & n2_2_ & !N_27_0 
                  #   n2_3_ & n2_2_ & !N_27_0 );

display_6_     = (  !n1_3_ & n2_3_ 
                  #   n1_3_ & !n2_3_ 
                  #   !n1_2_ & n2_2_ 
                  #   n1_2_ & !n2_2_ 
                  #   !n1_1_ & n2_1_ 
                  #   n1_1_ & !n2_1_ 
                  #   !n1_0_ & n2_0_ 
                  #   n1_0_ & !n2_0_ );

display_5_     = (  n1_3_ & !n2_3_ 
                  #   n1_3_ & n1_2_ & !n2_2_ 
                  #   !n2_3_ & n1_2_ & !n2_2_ 
                  #   n1_3_ & n1_2_ & !N_14_0 
                  #   !n2_3_ & n1_2_ & !N_14_0 
                  #   n1_3_ & !n2_2_ & !N_14_0 
                  #   !n2_3_ & !n2_2_ & !N_14_0 );

display_4_     = (  !n1_3_ & n2_3_ 
                  #   !n1_3_ & !n1_2_ & n2_2_ 
                  #   n2_3_ & !n1_2_ & n2_2_ 
                  #   !n1_3_ & !n1_2_ & N_14_0 
                  #   n2_3_ & !n1_2_ & N_14_0 
                  #   !n1_3_ & n2_2_ & N_14_0 
                  #   n2_3_ & n2_2_ & N_14_0 );

display_3_     = (  !n1_3_ & n2_3_ 
                  #   !n1_3_ & !n1_2_ & n2_2_ 
                  #   n2_3_ & !n1_2_ & n2_2_ 
                  #   !n1_3_ & !n1_2_ & !N_27_0 
                  #   n2_3_ & !n1_2_ & !N_27_0 
                  #   !n1_3_ & n2_2_ & !N_27_0 
                  #   n2_3_ & n2_2_ & !N_27_0 );

display_2_     = (0);

display_1_     = (  !n1_3_ & n2_3_ 
                  #   !n1_3_ & !n1_2_ & n2_2_ 
                  #   n2_3_ & !n1_2_ & n2_2_ 
                  #   !n1_3_ & !n1_2_ & N_14_0 
                  #   n2_3_ & !n1_2_ & N_14_0 
                  #   !n1_3_ & n2_2_ & N_14_0 
                  #   n2_3_ & n2_2_ & N_14_0 );

display_0_     = (0);


                                                                      Page 3
ispLEVER Classic 2.0.00.17.20.15  -  Device Utilization Chart         Thu May 09 17:47:58 2019

P22V10G Programmed Logic:
--------------------------------------------------------------------------------




N_14_0     = !(  n1_1_ & !n2_1_ 
              #   n1_1_ & n1_0_ & !n2_0_ 
              #   n1_0_ & !n2_1_ & !n2_0_ );

N_27_0     = !(  !n1_1_ & n2_1_ 
              #   !n1_1_ & !n1_0_ & n2_0_ 
              #   !n1_0_ & n2_1_ & n2_0_ );



                                                                      Page 4
ispLEVER Classic 2.0.00.17.20.15  -  Device Utilization Chart         Thu May 09 17:47:58 2019

P22V10G Chip Diagram:
--------------------------------------------------------------------------------




                                   P22V10G

                         +---------\       /---------+
                         |          \     /          |
                         |           -----           |
                   n1_3_ |  1                    24  | Vcc                     
                         |                           |
                   n2_3_ |  2                    23  | !N_27_0                 
                         |                           |
                   n1_2_ |  3                    22  | display_0_              
                         |                           |
                   n1_1_ |  4                    21  | display_2_              
                         |                           |
                   n1_0_ |  5                    20  | display_4_              
                         |                           |
                   n2_2_ |  6                    19  | display_6_              
                         |                           |
                   n2_1_ |  7                    18  | display_7_              
                         |                           |
                   n2_0_ |  8                    17  | display_5_              
                         |                           |
                         |  9                    16  | display_3_              
                         |                           |
                         | 10                    15  | display_1_              
                         |                           |
                         | 11                    14  | !N_14_0                 
                         |                           |
                     GND | 12                    13  |                         
                         |                           |
                         |                           |
                         `---------------------------'

                        SIGNATURE: N/A


                                                                      Page 5
ispLEVER Classic 2.0.00.17.20.15  -  Device Utilization Chart         Thu May 09 17:47:58 2019

P22V10G Resource Allocations:
--------------------------------------------------------------------------------



        Device        | Resource  |   Design    |
       Resources      | Available | Requirement | Unused
======================|===========|=============|==============
                      |           |             |
Input Pins:           |           |             |
                      |           |             |
          Input:      |     12    |      8      |    4 ( 33 %)
                      |           |             |
Output Pins:          |           |             |
                      |           |             |
          In/Out:     |     10    |     10      |    0 (  0 %)
          Output:     |      -    |      -      |    -
                      |           |             |
Buried Nodes:         |           |             |
                      |           |             |
          Input Reg:  |      -    |      -      |    -
          Pin Reg:    |     10    |      0      |   10 (100 %)
          Buried Reg: |      -    |      -      |    -


                                                                      Page 6
ispLEVER Classic 2.0.00.17.20.15  -  Device Utilization Chart         Thu May 09 17:47:58 2019

P22V10G Product Terms Distribution:
--------------------------------------------------------------------------------



            Signal                       |    Pin   | Terms | Terms | Terms
             Name                        | Assigned | Used  |  Max  | Unused
=========================================|==========|=======|=======|=======
display_7_                               |   18     |   7   |  16   |   9
display_6_                               |   19     |   8   |  16   |   8
display_5_                               |   17     |   7   |  14   |   7
display_4_                               |   20     |   7   |  14   |   7
display_3_                               |   16     |   7   |  12   |   5
display_2_                               |   21     |   0   |  12   |  12
display_1_                               |   15     |   7   |  10   |   3
display_0_                               |   22     |   0   |  10   |  10
N_14_0                                   |   14     |   3   |   8   |   5
N_27_0                                   |   23     |   3   |   8   |   5


     ==== List of Inputs/Feedbacks ====

Signal Name                              | Pin      | Pin Type
=========================================|==========|=========
n1_3_                                    |    1     | CLK/IN
n2_3_                                    |    2     | INPUT
n1_2_                                    |    3     | INPUT
n1_1_                                    |    4     | INPUT
n1_0_                                    |    5     | INPUT
n2_2_                                    |    6     | INPUT
n2_1_                                    |    7     | INPUT
n2_0_                                    |    8     | INPUT
N_14_0                                   |   14     | BIDIR
N_27_0                                   |   23     | BIDIR


                                                                      Page 7
ispLEVER Classic 2.0.00.17.20.15  -  Device Utilization Chart         Thu May 09 17:47:58 2019

P22V10G Unused Resources:
--------------------------------------------------------------------------------



 Pin   |  Pin   |   Product   | Flip-flop
Number |  Type  |   Terms     |   Type
=======|========|=============|==========
    9  |  INPUT |      -      |    -   
   10  |  INPUT |      -      |    -   
   11  |  INPUT |      -      |    -   
   13  |  INPUT |      -      |    -   
