Running in Lattice mode


Starting:    C:\ispLEVER_Classic2_0\synpbase\win64\mbin\synbatch.exe
Install:     C:\ispLEVER_Classic2_0\synpbase
Date:        Thu May 09 17:47:30 2019
Version:     I-2014.03LC 

Arguments:   -product synplify_pro  -batch c:/users/emanu/onedrive/documentos/sistemas digitales/vhdl/comparador\comparador.prj
ProductType: synplify_pro





log file: "C:\users\emanu\onedrive\documentos\sistemas digitales\vhdl\comparador\comparador.srr"

Running comparador|comparador

Running: Compile on comparador|comparador

Running: Compile Process on comparador|comparador

Running: Compile Input on comparador|comparador
Copied C:\users\emanu\onedrive\documentos\sistemas digitales\vhdl\comparador\synwork\comparador_comp.srs to C:\users\emanu\onedrive\documentos\sistemas digitales\vhdl\comparador\comparador.srs
compiler Completed
Return Code: 0
Run Time:0h:00m:02s

Running: Multi-srs Generator on comparador|comparador
Copied C:\users\emanu\onedrive\documentos\sistemas digitales\vhdl\comparador\synwork\comparador_comp.srs to C:\users\emanu\onedrive\documentos\sistemas digitales\vhdl\comparador\synwork\comparador_s.srs
multi_srs_gen Completed
Return Code: 0
Run Time:0h:00m:00s
Copied C:\users\emanu\onedrive\documentos\sistemas digitales\vhdl\comparador\synwork\comparador_mult.srs to C:\users\emanu\onedrive\documentos\sistemas digitales\vhdl\comparador\comparador.srs
Copied C:\users\emanu\onedrive\documentos\sistemas digitales\vhdl\comparador\comparador.srr to C:\users\emanu\onedrive\documentos\sistemas digitales\vhdl\comparador\comparador.srf
Complete: Compile Process on comparador|comparador
Complete: Compile on comparador|comparador

Running: Map on comparador|comparador

Running: Map & Optimize on comparador|comparador
fpga_mapper Completed
Return Code: 0
Run Time:0h:00m:01s
Complete: Map on comparador|comparador
Copied C:\users\emanu\onedrive\documentos\sistemas digitales\vhdl\comparador\comparador.srr to C:\users\emanu\onedrive\documentos\sistemas digitales\vhdl\comparador\comparador.srf
Complete: Logic Synthesis on comparador|comparador

exit status=0

exit status=0

