MPASM  5.48          MULTIPLICACIONNIBLES.ASM   5-10-2017  20:47:17         PAGE  1


LOC  OBJECT CODE     LINE SOURCE TEXT
  VALUE

                      00001 
                      00002         list            p=16f887        ; list directive to define processor
                      00003         #include        <p16f887.inc>   ; processor specific variable definitions
                      00001         LIST
                      00002 
                      00003 ;==========================================================================
                      00004 ;  MPASM PIC16F887 processor include
                      00005 ; 
                      00006 ;  (c) Copyright 1999-2012 Microchip Technology, All rights reserved
                      00007 ;==========================================================================
                      00008 
                      00809         LIST
                      00004 
2007   28E4           00005         __CONFIG    _CONFIG1, _LVP_OFF & _FCMEN_ON & _IESO_OFF & _BOR_OFF & _CPD_OFF & _CP_OFF & _MCLRE_
                            ON & _PWRTE_ON & _WDT_OFF & _INTRC_OSC_NOCLKOUT
2008   3EFF           00006         __CONFIG    _CONFIG2, _WRT_OFF & _BOR21V
                      00007 
                      00008 ;********************** VARIABLE DEFINITIONS *************************** 
                      00009         CBLOCK 0x20
  00000020            00010         N1
  00000021            00011         N2
                      00012         ENDC
                      00013 
                      00014 ;***********************************************************************
                      00015 
0000                  00016         ORG     0x000             ; processor reset vector
0000   0000           00017         nop
0001   2802           00018         goto    INICIO              ; go to beginning of program
                      00019 
                      00020 ;ZONA DE CODIGOS********************************************************
                      00021 
0002                  00022 INICIO
0002   1683           00023         bsf              STATUS,RP0                     ;ACCESO AL BANCO 1
0003   1303           00024         bcf              STATUS,RP1
0004   30FF           00025         movlw            b'11111111'    ;CONFIGURO PORTA COMO ENTRADAS
Message[302]: Register in operand not in bank 0.  Ensure that bank bits are correct.
0005   0085           00026         movwf            TRISA
Message[302]: Register in operand not in bank 0.  Ensure that bank bits are correct.
0006   0186           00027         clrf             TRISB                  ;CONFIGURO PORTB COMO SALIDA
0007   1703           00028         bsf              STATUS,RP1                     ;ACCESO AL BANCO 3
Message[302]: Register in operand not in bank 0.  Ensure that bank bits are correct.
0008   0188           00029         clrf             ANSEL                  ;CONFIGURACION DE SALIDAS DIGITALES
Message[302]: Register in operand not in bank 0.  Ensure that bank bits are correct.
0009   0189           00030         clrf             ANSELH                 ;CONFIGURACION DE ENTRADAS DIGITALES
000A   1283           00031         bcf              STATUS,RP0                     ;ACCESO AL BANCO 0
000B   1303           00032         bcf              STATUS,RP1
000C                  00033 PRINCIPAL
000C   0805           00034         movf             PORTA,W        ;CARGO A W = PORTA
000D   00A0           00035         movwf            N1
000E   00A1           00036         movwf            N2
000F   300F           00037         movlw            b'00001111'
0010   0EA1           00038     swapf                N2,1
0011   05A0           00039         andwf            N1,1
MPASM  5.48          MULTIPLICACIONNIBLES.ASM   5-10-2017  20:47:17         PAGE  2


LOC  OBJECT CODE     LINE SOURCE TEXT
  VALUE

0012   05A1           00040         andwf            N2,1
0013   0821           00041         movf             N2,W
0014   390F           00042         andlw            b'00001111'
0015   0782           00043         addwf            PCL,F
0016                  00044 TABLA
0016   2826           00045         goto            Mulx0
0017   2828           00046         goto            Mulx1
0018   282A           00047         goto            Mulx2
0019   282C           00048         goto            Mulx3
001A   2830           00049         goto            Mulx4
001B   2833           00050         goto            Mulx5
001C   2838           00051         goto            Mulx6
001D   283E           00052         goto            Mulx7
001E   2845           00053         goto            Mulx8
001F   2849           00054         goto            Mulx9
0020   284F           00055         goto            Mulx10
0021   2856           00056         goto            Mulx11
0022   285E           00057         goto            Mulx12
0023   2867           00058         goto            Mulx13
0024   2871           00059         goto            Mulx14
0025   287C           00060         goto            Mulx15
0026                  00061 Mulx0
0026   3000           00062         movlw           b'00000000'
0027   2888           00063         goto            Salida
0028                  00064 Mulx1
0028   0820           00065         movf            N1,W
0029   2888           00066         goto            Salida
002A                  00067 Mulx2
002A   0D20           00068         rlf                     N1,W
002B   2888           00069         goto            Salida
002C                  00070 Mulx3
002C   0820           00071         movf            N1,W
002D   0DA0           00072         rlf                     N1,F
002E   0720           00073         addwf           N1,W
002F   2888           00074         goto            Salida
0030                  00075 Mulx4
0030   0DA0           00076         rlf                     N1,F
0031   0D20           00077         rlf                     N1,W
0032   2888           00078         goto            Salida
0033                  00079 Mulx5
0033   0820           00080         movf            N1,W
0034   0DA0           00081         rlf                     N1,F
0035   0DA0           00082         rlf                     N1,F
0036   0720           00083         addwf           N1,W
0037   2888           00084         goto            Salida
0038                  00085 Mulx6
0038   0820           00086         movf            N1,W
0039   0DA0           00087         rlf                     N1,F
003A   0DA0           00088         rlf                     N1,F
003B   07A0           00089         addwf           N1,F
003C   0720           00090         addwf           N1,W
003D   2888           00091         goto            Salida
003E                  00092 Mulx7
MPASM  5.48          MULTIPLICACIONNIBLES.ASM   5-10-2017  20:47:17         PAGE  3


LOC  OBJECT CODE     LINE SOURCE TEXT
  VALUE

003E   0820           00093         movf            N1,W
003F   0DA0           00094         rlf                     N1,F
0040   0DA0           00095         rlf                     N1,F
0041   07A0           00096         addwf           N1,F
0042   07A0           00097         addwf           N1,F
0043   0720           00098         addwf           N1,W
0044   2888           00099         goto            Salida
0045                  00100 Mulx8
0045   0DA0           00101         rlf                     N1,F
0046   0DA0           00102         rlf                     N1,F
0047   0D20           00103         rlf                     N1,W
0048   2888           00104         goto            Salida
0049                  00105 Mulx9
0049   0820           00106         movf            N1,W
004A   0DA0           00107         rlf                     N1,F
004B   0DA0           00108         rlf                     N1,F
004C   0DA0           00109         rlf                     N1,F
004D   0720           00110         addwf           N1,W
004E   2888           00111         goto            Salida
004F                  00112 Mulx10
004F   0820           00113         movf            N1,W
0050   0DA0           00114         rlf                     N1,F
0051   0DA0           00115         rlf                     N1,F
0052   0DA0           00116         rlf                     N1,F
0053   07A0           00117         addwf           N1,F
0054   0720           00118         addwf           N1,W
0055   2888           00119         goto            Salida
0056                  00120 Mulx11
0056   0820           00121         movf            N1,W
0057   0DA0           00122         rlf                     N1,F
0058   0DA0           00123         rlf                     N1,F
0059   0DA0           00124         rlf                     N1,F
005A   07A0           00125         addwf           N1,F
005B   07A0           00126         addwf           N1,F
005C   0720           00127         addwf           N1,W
005D   2888           00128         goto            Salida
005E                  00129 Mulx12
005E   0820           00130         movf            N1,W
005F   0DA0           00131         rlf                     N1,F
0060   0DA0           00132         rlf                     N1,F
0061   0DA0           00133         rlf                     N1,F
0062   07A0           00134         addwf           N1,F
0063   07A0           00135         addwf           N1,F
0064   07A0           00136         addwf           N1,F
0065   0720           00137         addwf           N1,W
0066   2888           00138         goto            Salida
0067                  00139 Mulx13
0067   0820           00140         movf            N1,W
0068   0DA0           00141         rlf                     N1,F
0069   0DA0           00142         rlf                     N1,F
006A   0DA0           00143         rlf                     N1,F
006B   07A0           00144         addwf           N1,F
006C   07A0           00145         addwf           N1,F
MPASM  5.48          MULTIPLICACIONNIBLES.ASM   5-10-2017  20:47:17         PAGE  4


LOC  OBJECT CODE     LINE SOURCE TEXT
  VALUE

006D   07A0           00146         addwf           N1,F
006E   07A0           00147         addwf           N1,F
006F   0720           00148         addwf           N1,W
0070   2888           00149         goto            Salida
0071                  00150 Mulx14
0071   0820           00151         movf            N1,W
0072   0DA0           00152         rlf                     N1,F
0073   0DA0           00153         rlf                     N1,F
0074   0DA0           00154         rlf                     N1,F
0075   07A0           00155         addwf           N1,F
0076   07A0           00156         addwf           N1,F
0077   07A0           00157         addwf           N1,F
0078   07A0           00158         addwf           N1,F
0079   07A0           00159         addwf           N1,F
007A   0720           00160         addwf           N1,W
007B   2888           00161         goto            Salida
007C                  00162 Mulx15
007C   0820           00163         movf            N1,W
007D   0DA0           00164         rlf                     N1,F
007E   0DA0           00165         rlf                     N1,F
007F   0DA0           00166         rlf                     N1,F
0080   07A0           00167         addwf           N1,F
0081   07A0           00168         addwf           N1,F
0082   07A0           00169         addwf           N1,F
0083   07A0           00170         addwf           N1,F
0084   07A0           00171         addwf           N1,F
0085   07A0           00172         addwf           N1,F
0086   0720           00173         addwf           N1,W
0087   2888           00174         goto            Salida
0088                  00175 Salida  
0088   0086           00176         movwf            PORTB          ;MOSTRAMOS POR EL PORTB LO QUE SE CARGO EN W 
0089   280C           00177         goto             PRINCIPAL      
                      00178         END
MPASM  5.48          MULTIPLICACIONNIBLES.ASM   5-10-2017  20:47:17         PAGE  5


SYMBOL TABLE
  LABEL                             VALUE 

ABDEN                             00000000
ABDOVF                            00000007
ACKDT                             00000005
ACKEN                             00000004
ACKSTAT                           00000006
ADCON0                            0000001F
ADCON1                            0000009F
ADCS0                             00000006
ADCS1                             00000007
ADDEN                             00000003
ADFM                              00000007
ADIE                              00000006
ADIF                              00000006
ADON                              00000000
ADRESH                            0000001E
ADRESL                            0000009E
ANS0                              00000000
ANS1                              00000001
ANS10                             00000002
ANS11                             00000003
ANS12                             00000004
ANS13                             00000005
ANS2                              00000002
ANS3                              00000003
ANS4                              00000004
ANS5                              00000005
ANS6                              00000006
ANS7                              00000007
ANS8                              00000000
ANS9                              00000001
ANSEL                             00000188
ANSELH                            00000189
BAUDCTL                           00000187
BCLIE                             00000003
BCLIF                             00000003
BF                                00000000
BRG0                              00000000
BRG1                              00000001
BRG10                             00000002
BRG11                             00000003
BRG12                             00000004
BRG13                             00000005
BRG14                             00000006
BRG15                             00000007
BRG16                             00000003
BRG2                              00000002
BRG3                              00000003
BRG4                              00000004
BRG5                              00000005
BRG6                              00000006
BRG7                              00000007
BRG8                              00000000
BRG9                              00000001
MPASM  5.48          MULTIPLICACIONNIBLES.ASM   5-10-2017  20:47:17         PAGE  6


SYMBOL TABLE
  LABEL                             VALUE 

BRGH                              00000002
C                                 00000000
C1CH0                             00000000
C1CH1                             00000001
C1IE                              00000005
C1IF                              00000005
C1OE                              00000005
C1ON                              00000007
C1OUT                             00000006
C1POL                             00000004
C1R                               00000002
C1RSEL                            00000005
C1SEN                             00000005
C2CH0                             00000000
C2CH1                             00000001
C2IE                              00000006
C2IF                              00000006
C2OE                              00000005
C2ON                              00000007
C2OUT                             00000006
C2POL                             00000004
C2R                               00000002
C2REN                             00000004
C2RSEL                            00000004
C2SYNC                            00000000
CCP1CON                           00000017
CCP1IE                            00000002
CCP1IF                            00000002
CCP1M0                            00000000
CCP1M1                            00000001
CCP1M2                            00000002
CCP1M3                            00000003
CCP1X                             00000005
CCP1Y                             00000004
CCP2CON                           0000001D
CCP2IE                            00000000
CCP2IF                            00000000
CCP2M0                            00000000
CCP2M1                            00000001
CCP2M2                            00000002
CCP2M3                            00000003
CCP2X                             00000005
CCP2Y                             00000004
CCPR1                             00000015
CCPR1H                            00000016
CCPR1L                            00000015
CCPR2                             0000001B
CCPR2H                            0000001C
CCPR2L                            0000001B
CHS0                              00000002
CHS1                              00000003
CHS2                              00000004
CHS3                              00000005
MPASM  5.48          MULTIPLICACIONNIBLES.ASM   5-10-2017  20:47:17         PAGE  7


SYMBOL TABLE
  LABEL                             VALUE 

CKE                               00000006
CKP                               00000004
CM1CON0                           00000107
CM2CON0                           00000108
CM2CON1                           00000109
CREN                              00000004
CSRC                              00000007
D                                 00000005
DATA_ADDRESS                      00000005
DC                                00000001
DC1B0                             00000004
DC1B1                             00000005
DC2B0                             00000004
DC2B1                             00000005
D_A                               00000005
D_NOT_A                           00000005
ECCPAS                            0000009C
ECCPAS0                           00000004
ECCPAS1                           00000005
ECCPAS2                           00000006
ECCPASE                           00000007
EEADR                             0000010D
EEADRH                            0000010F
EECON1                            0000018C
EECON2                            0000018D
EEDAT                             0000010C
EEDATA                            0000010C
EEDATH                            0000010E
EEIE                              00000004
EEIF                              00000004
EEPGD                             00000007
F                                 00000001
FERR                              00000002
FSR                               00000004
FVREN                             00000000
GCEN                              00000007
GIE                               00000007
GO                                00000001
GO_DONE                           00000001
GO_NOT_DONE                       00000001
HTS                               00000002
I2C_DATA                          00000005
I2C_READ                          00000002
I2C_START                         00000003
I2C_STOP                          00000004
INDF                              00000000
INICIO                            00000002
INTCON                            0000000B
INTE                              00000004
INTEDG                            00000006
INTF                              00000001
IOCB                              00000096
IOCB0                             00000000
MPASM  5.48          MULTIPLICACIONNIBLES.ASM   5-10-2017  20:47:17         PAGE  8


SYMBOL TABLE
  LABEL                             VALUE 

IOCB1                             00000001
IOCB2                             00000002
IOCB3                             00000003
IOCB4                             00000004
IOCB5                             00000005
IOCB6                             00000006
IOCB7                             00000007
IRCF0                             00000004
IRCF1                             00000005
IRCF2                             00000006
IRP                               00000007
LTS                               00000001
MC1OUT                            00000007
MC2OUT                            00000006
MSK                               00000093
MSK0                              00000000
MSK1                              00000001
MSK2                              00000002
MSK3                              00000003
MSK4                              00000004
MSK5                              00000005
MSK6                              00000006
MSK7                              00000007
Mulx0                             00000026
Mulx1                             00000028
Mulx10                            0000004F
Mulx11                            00000056
Mulx12                            0000005E
Mulx13                            00000067
Mulx14                            00000071
Mulx15                            0000007C
Mulx2                             0000002A
Mulx3                             0000002C
Mulx4                             00000030
Mulx5                             00000033
Mulx6                             00000038
Mulx7                             0000003E
Mulx8                             00000045
Mulx9                             00000049
N1                                00000020
N2                                00000021
NOT_A                             00000005
NOT_ADDRESS                       00000005
NOT_BO                            00000000
NOT_BOR                           00000000
NOT_DONE                          00000001
NOT_PD                            00000003
NOT_POR                           00000001
NOT_RBPU                          00000007
NOT_RC8                           00000006
NOT_T1SYNC                        00000002
NOT_TO                            00000004
NOT_TX8                           00000006
MPASM  5.48          MULTIPLICACIONNIBLES.ASM   5-10-2017  20:47:17         PAGE  9


SYMBOL TABLE
  LABEL                             VALUE 

NOT_W                             00000002
NOT_WRITE                         00000002
OERR                              00000001
OPTION_REG                        00000081
OSCCON                            0000008F
OSCTUNE                           00000090
OSFIE                             00000007
OSFIF                             00000007
OSTS                              00000003
P                                 00000004
P1M0                              00000006
P1M1                              00000007
PCL                               00000002
PCLATH                            0000000A
PCON                              0000008E
PDC0                              00000000
PDC1                              00000001
PDC2                              00000002
PDC3                              00000003
PDC4                              00000004
PDC5                              00000005
PDC6                              00000006
PEIE                              00000006
PEN                               00000002
PIE1                              0000008C
PIE2                              0000008D
PIR1                              0000000C
PIR2                              0000000D
PORTA                             00000005
PORTB                             00000006
PORTC                             00000007
PORTD                             00000008
PORTE                             00000009
PR2                               00000092
PRINCIPAL                         0000000C
PRSEN                             00000007
PS0                               00000000
PS1                               00000001
PS2                               00000002
PSA                               00000003
PSSAC0                            00000002
PSSAC1                            00000003
PSSBD0                            00000000
PSSBD1                            00000001
PSTRCON                           0000009D
PULSR                             00000002
PULSS                             00000003
PWM1CON                           0000009B
R                                 00000002
RA0                               00000000
RA1                               00000001
RA2                               00000002
RA3                               00000003
MPASM  5.48          MULTIPLICACIONNIBLES.ASM   5-10-2017  20:47:17         PAGE 10


SYMBOL TABLE
  LABEL                             VALUE 

RA4                               00000004
RA5                               00000005
RA6                               00000006
RA7                               00000007
RB0                               00000000
RB1                               00000001
RB2                               00000002
RB3                               00000003
RB4                               00000004
RB5                               00000005
RB6                               00000006
RB7                               00000007
RBIE                              00000003
RBIF                              00000000
RC0                               00000000
RC1                               00000001
RC2                               00000002
RC3                               00000003
RC4                               00000004
RC5                               00000005
RC6                               00000006
RC7                               00000007
RC8_9                             00000006
RC9                               00000006
RCD8                              00000000
RCEN                              00000003
RCIDL                             00000006
RCIE                              00000005
RCIF                              00000005
RCREG                             0000001A
RCSTA                             00000018
RD                                00000000
RD0                               00000000
RD1                               00000001
RD2                               00000002
RD3                               00000003
RD4                               00000004
RD5                               00000005
RD6                               00000006
RD7                               00000007
RE0                               00000000
RE1                               00000001
RE2                               00000002
RE3                               00000003
READ_WRITE                        00000002
RP0                               00000005
RP1                               00000006
RSEN                              00000001
RX9                               00000006
RX9D                              00000000
R_NOT_W                           00000002
R_W                               00000002
S                                 00000003
MPASM  5.48          MULTIPLICACIONNIBLES.ASM   5-10-2017  20:47:17         PAGE 11


SYMBOL TABLE
  LABEL                             VALUE 

SBOREN                            00000004
SCKP                              00000004
SCS                               00000000
SEN                               00000000
SENDB                             00000003
SMP                               00000007
SPBRG                             00000099
SPBRGH                            0000009A
SPEN                              00000007
SR0                               00000006
SR1                               00000007
SRCON                             00000185
SREN                              00000005
SSPADD                            00000093
SSPBUF                            00000013
SSPCON                            00000014
SSPCON2                           00000091
SSPEN                             00000005
SSPIE                             00000003
SSPIF                             00000003
SSPM0                             00000000
SSPM1                             00000001
SSPM2                             00000002
SSPM3                             00000003
SSPMSK                            00000093
SSPOV                             00000006
SSPSTAT                           00000094
STATUS                            00000003
STRA                              00000000
STRB                              00000001
STRC                              00000002
STRD                              00000003
STRSYNC                           00000004
SWDTEN                            00000000
SYNC                              00000004
Salida                            00000088
T0CS                              00000005
T0IE                              00000005
T0IF                              00000002
T0SE                              00000004
T1CKPS0                           00000004
T1CKPS1                           00000005
T1CON                             00000010
T1GINV                            00000007
T1GIV                             00000007
T1GSS                             00000001
T1INSYNC                          00000002
T1OSCEN                           00000003
T1SYNC                            00000002
T2CKPS0                           00000000
T2CKPS1                           00000001
T2CON                             00000012
TABLA                             00000016
MPASM  5.48          MULTIPLICACIONNIBLES.ASM   5-10-2017  20:47:17         PAGE 12


SYMBOL TABLE
  LABEL                             VALUE 

TMR0                              00000001
TMR0IE                            00000005
TMR0IF                            00000002
TMR1                              0000000E
TMR1CS                            00000001
TMR1GE                            00000006
TMR1H                             0000000F
TMR1IE                            00000000
TMR1IF                            00000000
TMR1L                             0000000E
TMR1ON                            00000000
TMR2                              00000011
TMR2IE                            00000001
TMR2IF                            00000001
TMR2ON                            00000002
TOUTPS0                           00000003
TOUTPS1                           00000004
TOUTPS2                           00000005
TOUTPS3                           00000006
TRISA                             00000085
TRISA0                            00000000
TRISA1                            00000001
TRISA2                            00000002
TRISA3                            00000003
TRISA4                            00000004
TRISA5                            00000005
TRISA6                            00000006
TRISA7                            00000007
TRISB                             00000086
TRISB0                            00000000
TRISB1                            00000001
TRISB2                            00000002
TRISB3                            00000003
TRISB4                            00000004
TRISB5                            00000005
TRISB6                            00000006
TRISB7                            00000007
TRISC                             00000087
TRISC0                            00000000
TRISC1                            00000001
TRISC2                            00000002
TRISC3                            00000003
TRISC4                            00000004
TRISC5                            00000005
TRISC6                            00000006
TRISC7                            00000007
TRISD                             00000088
TRISD0                            00000000
TRISD1                            00000001
TRISD2                            00000002
TRISD3                            00000003
TRISD4                            00000004
TRISD5                            00000005
MPASM  5.48          MULTIPLICACIONNIBLES.ASM   5-10-2017  20:47:17         PAGE 13


SYMBOL TABLE
  LABEL                             VALUE 

TRISD6                            00000006
TRISD7                            00000007
TRISE                             00000089
TRISE0                            00000000
TRISE1                            00000001
TRISE2                            00000002
TRISE3                            00000003
TRMT                              00000001
TUN0                              00000000
TUN1                              00000001
TUN2                              00000002
TUN3                              00000003
TUN4                              00000004
TX8_9                             00000006
TX9                               00000006
TX9D                              00000000
TXD8                              00000000
TXEN                              00000005
TXIE                              00000004
TXIF                              00000004
TXREG                             00000019
TXSTA                             00000098
UA                                00000001
ULPWUE                            00000005
ULPWUIE                           00000002
ULPWUIF                           00000002
VCFG0                             00000004
VCFG1                             00000005
VR0                               00000000
VR1                               00000001
VR2                               00000002
VR3                               00000003
VRCON                             00000097
VREN                              00000007
VROE                              00000006
VRR                               00000005
VRSS                              00000004
W                                 00000000
WCOL                              00000007
WDTCON                            00000105
WDTPS0                            00000001
WDTPS1                            00000002
WDTPS2                            00000003
WDTPS3                            00000004
WPUB                              00000095
WPUB0                             00000000
WPUB1                             00000001
WPUB2                             00000002
WPUB3                             00000003
WPUB4                             00000004
WPUB5                             00000005
WPUB6                             00000006
WPUB7                             00000007
MPASM  5.48          MULTIPLICACIONNIBLES.ASM   5-10-2017  20:47:17         PAGE 14


SYMBOL TABLE
  LABEL                             VALUE 

WR                                00000001
WREN                              00000002
WRERR                             00000003
WUE                               00000001
Z                                 00000002
_BOR21V                           00003EFF
_BOR40V                           00003FFF
_BOR4V_BOR21V                     00003EFF
_BOR4V_BOR40V                     00003FFF
_BOREN_NSLEEP                     00003EFF
_BOREN_OFF                        00003CFF
_BOREN_ON                         00003FFF
_BOREN_SBODEN                     00003DFF
_BOR_NSLEEP                       00003EFF
_BOR_OFF                          00003CFF
_BOR_ON                           00003FFF
_BOR_SBODEN                       00003DFF
_CONFIG1                          00002007
_CONFIG2                          00002008
_CPD_OFF                          00003FFF
_CPD_ON                           00003F7F
_CP_OFF                           00003FFF
_CP_ON                            00003FBF
_DEBUG_OFF                        00003FFF
_DEBUG_ON                         00001FFF
_DEVID1                           00002006
_EC_OSC                           00003FFB
_EXTRC                            00003FFF
_EXTRCIO                          00003FFE
_EXTRC_OSC_CLKOUT                 00003FFF
_EXTRC_OSC_NOCLKOUT               00003FFE
_FCMEN_OFF                        000037FF
_FCMEN_ON                         00003FFF
_FOSC_EC                          00003FFB
_FOSC_EXTRC_CLKOUT                00003FFF
_FOSC_EXTRC_NOCLKOUT              00003FFE
_FOSC_HS                          00003FFA
_FOSC_INTRC_CLKOUT                00003FFD
_FOSC_INTRC_NOCLKOUT              00003FFC
_FOSC_LP                          00003FF8
_FOSC_XT                          00003FF9
_HS_OSC                           00003FFA
_IDLOC0                           00002000
_IDLOC1                           00002001
_IDLOC2                           00002002
_IDLOC3                           00002003
_IESO_OFF                         00003BFF
_IESO_ON                          00003FFF
_INTOSC                           00003FFD
_INTOSCIO                         00003FFC
_INTRC_OSC_CLKOUT                 00003FFD
_INTRC_OSC_NOCLKOUT               00003FFC
_LP_OSC                           00003FF8
MPASM  5.48          MULTIPLICACIONNIBLES.ASM   5-10-2017  20:47:17         PAGE 15


SYMBOL TABLE
  LABEL                             VALUE 

_LVP_OFF                          00002FFF
_LVP_ON                           00003FFF
_MCLRE_OFF                        00003FDF
_MCLRE_ON                         00003FFF
_PWRTE_OFF                        00003FFF
_PWRTE_ON                         00003FEF
_WDTE_OFF                         00003FF7
_WDTE_ON                          00003FFF
_WDT_OFF                          00003FF7
_WDT_ON                           00003FFF
_WRT_1FOURTH                      00003BFF
_WRT_256                          00003DFF
_WRT_HALF                         000039FF
_WRT_OFF                          00003FFF
_XT_OSC                           00003FF9
__16F887                          00000001
__DEBUG                           1


MEMORY USAGE MAP ('X' = Used,  '-' = Unused)

0000 : XXXXXXXXXXXXXXXX XXXXXXXXXXXXXXXX XXXXXXXXXXXXXXXX XXXXXXXXXXXXXXXX
0040 : XXXXXXXXXXXXXXXX XXXXXXXXXXXXXXXX XXXXXXXXXXXXXXXX XXXXXXXXXXXXXXXX
0080 : XXXXXXXXXX------ ---------------- ---------------- ----------------
2000 : -------XX------- ---------------- ---------------- ----------------

All other memory blocks unused.

Program Memory Words Used:   138
Program Memory Words Free:  8054


Errors   :     0
Warnings :     0 reported,     0 suppressed
Messages :     4 reported,     0 suppressed

