

                                                                      Page 1
ispLEVER Classic 2.0.00.17.20.15  -  Device Utilization Chart         Fri May 17 09:03:05 2019



--------------------------------------------------------------------------------

Module                   : 'alu'

--------------------------------------------------------------------------------

Input files:

    ABEL PLA file        : alu.tt3
    Device library       : P22V10G.dev

Output files:

    Report file          : alu.rpt
    Programmer load file : alu.jed

--------------------------------------------------------------------------------


                                                                      Page 2
ispLEVER Classic 2.0.00.17.20.15  -  Device Utilization Chart         Fri May 17 09:03:05 2019

P22V10G Programmed Logic:
--------------------------------------------------------------------------------



L_3_     = !(  A_3_ & B_3_ & S_1_ 
            #   !A_3_ & !S_1_ & S_0_ 
            #   !B_3_ & !S_1_ & S_0_ 
            #   !A_3_ & !B_3_ & !S_0_ );

L_2_     = !(  S_1_ & A_2_ & B_2_ 
            #   !S_1_ & !A_2_ & S_0_ 
            #   !S_1_ & !B_2_ & S_0_ 
            #   !A_2_ & !B_2_ & !S_0_ );

L_1_     = !(  S_1_ & A_1_ & B_1_ 
            #   !S_1_ & !A_1_ & S_0_ 
            #   !S_1_ & !B_1_ & S_0_ 
            #   !A_1_ & !B_1_ & !S_0_ );

L_0_     = !(  S_1_ & A_0_ & B_0_ 
            #   !S_1_ & !A_0_ & S_0_ 
            #   !S_1_ & !B_0_ & S_0_ 
            #   !A_0_ & !B_0_ & !S_0_ );



                                                                      Page 3
ispLEVER Classic 2.0.00.17.20.15  -  Device Utilization Chart         Fri May 17 09:03:05 2019

P22V10G Chip Diagram:
--------------------------------------------------------------------------------




                                   P22V10G

                         +---------\       /---------+
                         |          \     /          |
                         |           -----           |
                    A_3_ |  1                    24  | Vcc                     
                         |                           |
                    B_3_ |  2                    23  | !L_0_                   
                         |                           |
                    S_1_ |  3                    22  | !L_2_                   
                         |                           |
                    A_2_ |  4                    21  |                         
                         |                           |
                    A_1_ |  5                    20  |                         
                         |                           |
                    A_0_ |  6                    19  |                         
                         |                           |
                    B_2_ |  7                    18  |                         
                         |                           |
                    B_1_ |  8                    17  |                         
                         |                           |
                    B_0_ |  9                    16  |                         
                         |                           |
                    S_0_ | 10                    15  | !L_3_                   
                         |                           |
                         | 11                    14  | !L_1_                   
                         |                           |
                     GND | 12                    13  |                         
                         |                           |
                         |                           |
                         `---------------------------'

                        SIGNATURE: N/A


                                                                      Page 4
ispLEVER Classic 2.0.00.17.20.15  -  Device Utilization Chart         Fri May 17 09:03:05 2019

P22V10G Resource Allocations:
--------------------------------------------------------------------------------



        Device        | Resource  |   Design    |
       Resources      | Available | Requirement | Unused
======================|===========|=============|==============
                      |           |             |
Input Pins:           |           |             |
                      |           |             |
          Input:      |     12    |     10      |    2 ( 16 %)
                      |           |             |
Output Pins:          |           |             |
                      |           |             |
          In/Out:     |     10    |      4      |    6 ( 60 %)
          Output:     |      -    |      -      |    -
                      |           |             |
Buried Nodes:         |           |             |
                      |           |             |
          Input Reg:  |      -    |      -      |    -
          Pin Reg:    |     10    |      0      |   10 (100 %)
          Buried Reg: |      -    |      -      |    -


                                                                      Page 5
ispLEVER Classic 2.0.00.17.20.15  -  Device Utilization Chart         Fri May 17 09:03:05 2019

P22V10G Product Terms Distribution:
--------------------------------------------------------------------------------



            Signal                       |    Pin   | Terms | Terms | Terms
             Name                        | Assigned | Used  |  Max  | Unused
=========================================|==========|=======|=======|=======
L_3_                                     |   15     |   4   |  10   |   6
L_2_                                     |   22     |   4   |  10   |   6
L_1_                                     |   14     |   4   |   8   |   4
L_0_                                     |   23     |   4   |   8   |   4


     ==== List of Inputs/Feedbacks ====

Signal Name                              | Pin      | Pin Type
=========================================|==========|=========
A_3_                                     |    1     | CLK/IN
B_3_                                     |    2     | INPUT
S_1_                                     |    3     | INPUT
A_2_                                     |    4     | INPUT
A_1_                                     |    5     | INPUT
A_0_                                     |    6     | INPUT
B_2_                                     |    7     | INPUT
B_1_                                     |    8     | INPUT
B_0_                                     |    9     | INPUT
S_0_                                     |   10     | INPUT


                                                                      Page 6
ispLEVER Classic 2.0.00.17.20.15  -  Device Utilization Chart         Fri May 17 09:03:05 2019

P22V10G Unused Resources:
--------------------------------------------------------------------------------



 Pin   |  Pin   |   Product   | Flip-flop
Number |  Type  |   Terms     |   Type
=======|========|=============|==========
   11  |  INPUT |      -      |    -   
   13  |  INPUT |      -      |    -   
   16  |  BIDIR | NORMAL 12   |    D
   17  |  BIDIR | NORMAL 14   |    D
   18  |  BIDIR | NORMAL 16   |    D
   19  |  BIDIR | NORMAL 16   |    D
   20  |  BIDIR | NORMAL 14   |    D
   21  |  BIDIR | NORMAL 12   |    D
