

                                                                      Page 1
ispLEVER Classic 2.0.00.17.20.15  -  Device Utilization Chart         Mon May 13 10:35:20 2019



--------------------------------------------------------------------------------

Module                   : 'decodificador'

--------------------------------------------------------------------------------

Input files:

    ABEL PLA file        : decodificador.tt3
    Device library       : P22V10G.dev

Output files:

    Report file          : decodificador.rpt
    Programmer load file : decodificador.jed

--------------------------------------------------------------------------------


                                                                      Page 2
ispLEVER Classic 2.0.00.17.20.15  -  Device Utilization Chart         Mon May 13 10:35:20 2019

P22V10G Programmed Logic:
--------------------------------------------------------------------------------



display_7_     = !(  n_3_ & !n_2_ & n_1_ & n_0_ 
                  #   n_3_ & n_2_ & !n_1_ & n_0_ 
                  #   !n_3_ & !n_2_ & !n_1_ & n_0_ 
                  #   !n_3_ & n_2_ & !n_1_ & !n_0_ );

display_6_     = !(  n_2_ & n_1_ & !n_0_ 
                  #   n_3_ & n_1_ & n_0_ 
                  #   !n_3_ & n_2_ & !n_1_ & n_0_ 
                  #   n_3_ & n_2_ & !n_0_ );

display_5_     = !(  n_3_ & n_2_ & n_1_ 
                  #   n_3_ & n_2_ & !n_0_ 
                  #   !n_3_ & !n_2_ & n_1_ & !n_0_ );

display_4_     = !(  n_2_ & n_1_ & n_0_ 
                  #   !n_3_ & !n_2_ & !n_1_ & n_0_ 
                  #   n_3_ & !n_2_ & n_1_ & !n_0_ 
                  #   !n_3_ & n_2_ & !n_1_ & !n_0_ );

display_3_     = !(  !n_3_ & n_2_ & !n_1_ 
                  #   !n_3_ & n_0_ 
                  #   !n_2_ & !n_1_ & n_0_ );

display_2_     = !(  !n_3_ & n_1_ & n_0_ 
                  #   !n_3_ & !n_2_ & n_1_ 
                  #   !n_3_ & !n_2_ & n_0_ 
                  #   n_3_ & n_2_ & !n_1_ & n_0_ );

display_1_     = !(  !n_3_ & !n_2_ & !n_1_ 
                  #   !n_3_ & n_2_ & n_1_ & n_0_ 
                  #   n_3_ & n_2_ & !n_1_ & !n_0_ );

display_0_     = (0);



                                                                      Page 3
ispLEVER Classic 2.0.00.17.20.15  -  Device Utilization Chart         Mon May 13 10:35:20 2019

P22V10G Chip Diagram:
--------------------------------------------------------------------------------




                                   P22V10G

                         +---------\       /---------+
                         |          \     /          |
                         |           -----           |
                    n_3_ |  1                    24  | Vcc                     
                         |                           |
                    n_2_ |  2                    23  | display_0_              
                         |                           |
                    n_1_ |  3                    22  | !display_2_             
                         |                           |
                    n_0_ |  4                    21  | !display_4_             
                         |                           |
                         |  5                    20  | !display_6_             
                         |                           |
                         |  6                    19  |                         
                         |                           |
                         |  7                    18  |                         
                         |                           |
                         |  8                    17  | !display_7_             
                         |                           |
                         |  9                    16  | !display_5_             
                         |                           |
                         | 10                    15  | !display_3_             
                         |                           |
                         | 11                    14  | !display_1_             
                         |                           |
                     GND | 12                    13  |                         
                         |                           |
                         |                           |
                         `---------------------------'

                        SIGNATURE: N/A


                                                                      Page 4
ispLEVER Classic 2.0.00.17.20.15  -  Device Utilization Chart         Mon May 13 10:35:20 2019

P22V10G Resource Allocations:
--------------------------------------------------------------------------------



        Device        | Resource  |   Design    |
       Resources      | Available | Requirement | Unused
======================|===========|=============|==============
                      |           |             |
Input Pins:           |           |             |
                      |           |             |
          Input:      |     12    |      4      |    8 ( 66 %)
                      |           |             |
Output Pins:          |           |             |
                      |           |             |
          In/Out:     |     10    |      8      |    2 ( 20 %)
          Output:     |      -    |      -      |    -
                      |           |             |
Buried Nodes:         |           |             |
                      |           |             |
          Input Reg:  |      -    |      -      |    -
          Pin Reg:    |     10    |      0      |   10 (100 %)
          Buried Reg: |      -    |      -      |    -


                                                                      Page 5
ispLEVER Classic 2.0.00.17.20.15  -  Device Utilization Chart         Mon May 13 10:35:20 2019

P22V10G Product Terms Distribution:
--------------------------------------------------------------------------------



            Signal                       |    Pin   | Terms | Terms | Terms
             Name                        | Assigned | Used  |  Max  | Unused
=========================================|==========|=======|=======|=======
display_7_                               |   17     |   4   |  14   |  10
display_6_                               |   20     |   4   |  14   |  10
display_5_                               |   16     |   3   |  12   |   9
display_4_                               |   21     |   4   |  12   |   8
display_3_                               |   15     |   3   |  10   |   7
display_2_                               |   22     |   4   |  10   |   6
display_1_                               |   14     |   3   |   8   |   5
display_0_                               |   23     |   0   |   8   |   8


     ==== List of Inputs/Feedbacks ====

Signal Name                              | Pin      | Pin Type
=========================================|==========|=========
n_3_                                     |    1     | CLK/IN
n_2_                                     |    2     | INPUT
n_1_                                     |    3     | INPUT
n_0_                                     |    4     | INPUT


                                                                      Page 6
ispLEVER Classic 2.0.00.17.20.15  -  Device Utilization Chart         Mon May 13 10:35:20 2019

P22V10G Unused Resources:
--------------------------------------------------------------------------------



 Pin   |  Pin   |   Product   | Flip-flop
Number |  Type  |   Terms     |   Type
=======|========|=============|==========
    5  |  INPUT |      -      |    -   
    6  |  INPUT |      -      |    -   
    7  |  INPUT |      -      |    -   
    8  |  INPUT |      -      |    -   
    9  |  INPUT |      -      |    -   
   10  |  INPUT |      -      |    -   
   11  |  INPUT |      -      |    -   
   13  |  INPUT |      -      |    -   
   18  |  BIDIR | NORMAL 16   |    D
   19  |  BIDIR | NORMAL 16   |    D
