Running in Lattice mode


Starting:    C:\ispLEVER_Classic2_0\synpbase\win64\mbin\synbatch.exe
Install:     C:\ispLEVER_Classic2_0\synpbase
Date:        Mon May 13 10:35:03 2019
Version:     I-2014.03LC 

Arguments:   -product synplify_pro  -batch c:/users/emanu/onedrive/documentos/sistemas digitales/vhdl/comparador2\decodificador.prj
ProductType: synplify_pro





log file: "C:\users\emanu\onedrive\documentos\sistemas digitales\vhdl\comparador2\decodificador.srr"

Running decodificador|comparador2

Running: Compile on decodificador|comparador2

Running: Compile Process on decodificador|comparador2

Running: Compile Input on decodificador|comparador2
Copied C:\users\emanu\onedrive\documentos\sistemas digitales\vhdl\comparador2\synwork\decodificador_comp.srs to C:\users\emanu\onedrive\documentos\sistemas digitales\vhdl\comparador2\decodificador.srs
compiler Completed
Return Code: 0
Run Time:0h:00m:01s

Running: Multi-srs Generator on decodificador|comparador2
Copied C:\users\emanu\onedrive\documentos\sistemas digitales\vhdl\comparador2\synwork\decodificador_comp.srs to C:\users\emanu\onedrive\documentos\sistemas digitales\vhdl\comparador2\synwork\decodificador_s.srs
multi_srs_gen Completed
Return Code: 0
Run Time:0h:00m:01s
Copied C:\users\emanu\onedrive\documentos\sistemas digitales\vhdl\comparador2\synwork\decodificador_mult.srs to C:\users\emanu\onedrive\documentos\sistemas digitales\vhdl\comparador2\decodificador.srs
Copied C:\users\emanu\onedrive\documentos\sistemas digitales\vhdl\comparador2\decodificador.srr to C:\users\emanu\onedrive\documentos\sistemas digitales\vhdl\comparador2\decodificador.srf
Complete: Compile Process on decodificador|comparador2
Complete: Compile on decodificador|comparador2

Running: Map on decodificador|comparador2

Running: Map & Optimize on decodificador|comparador2
fpga_mapper Completed
Return Code: 0
Run Time:0h:00m:01s
Complete: Map on decodificador|comparador2
Copied C:\users\emanu\onedrive\documentos\sistemas digitales\vhdl\comparador2\decodificador.srr to C:\users\emanu\onedrive\documentos\sistemas digitales\vhdl\comparador2\decodificador.srf
Complete: Logic Synthesis on decodificador|comparador2

exit status=0

exit status=0

